GROUP,PACKAGE,CLASS,INSTRUCTION_MISSED,INSTRUCTION_COVERED,BRANCH_MISSED,BRANCH_COVERED,LINE_MISSED,LINE_COVERED,COMPLEXITY_MISSED,COMPLEXITY_COVERED,METHOD_MISSED,METHOD_COVERED
Maven HTMLCompressor Plugin,com.tunyk.mvn.plugins.htmlcompressor,FileTool,70,305,8,16,12,51,11,17,5,11
Maven HTMLCompressor Plugin,com.tunyk.mvn.plugins.htmlcompressor,HtmlCompressorMojo,547,639,39,7,160,112,98,5,75,5
Maven HTMLCompressor Plugin,com.tunyk.mvn.plugins.htmlcompressor,XmlCompressor,29,91,4,6,9,23,10,8,7,6
Maven HTMLCompressor Plugin,com.tunyk.mvn.plugins.htmlcompressor,HtmlCompressor,35,151,4,10,11,40,12,15,9,11
Maven HTMLCompressor Plugin,com.tunyk.mvn.plugins.htmlcompressor,XmlCompressorMojo,57,85,2,2,20,26,12,4,10,4
Maven HTMLCompressor Plugin,com.github.hazendaz.maven.htmlcompressor_maven_plugin,HelpMojo,770,0,110,0,155,0,71,0,16,0
