<?xml version="1.0" encoding="UTF-8" standalone="yes"?><!DOCTYPE report PUBLIC "-//JACOCO//DTD Report 1.1//EN" "report.dtd"><report name="htmlcompressor-maven-plugin"><sessioninfo id="JeremyDesktop-58d6fb61" start="1781486509189" dump="1781486510303"/><package name="com/tunyk/mvn/plugins/htmlcompressor"><class name="com/tunyk/mvn/plugins/htmlcompressor/FileTool" sourcefilename="FileTool.java"><method name="&lt;init&gt;" desc="(Ljava/lang/String;[Ljava/lang/String;Z)V" line="57"><counter type="INSTRUCTION" missed="0" covered="12"/><counter type="LINE" missed="0" covered="5"/><counter type="COMPLEXITY" missed="0" covered="1"/><counter type="METHOD" missed="0" covered="1"/></method><method name="getFiles" desc="()Ljava/util/concurrent/ConcurrentMap;" line="72"><counter type="INSTRUCTION" missed="0" covered="76"/><counter type="BRANCH" missed="0" covered="4"/><counter type="LINE" missed="0" covered="16"/><counter type="COMPLEXITY" missed="0" covered="3"/><counter type="METHOD" missed="0" covered="1"/></method><method name="writeFiles" desc="(Ljava/util/Map;Ljava/lang/String;)V" line="105"><counter type="INSTRUCTION" missed="0" covered="38"/><counter type="BRANCH" missed="0" covered="2"/><counter type="LINE" missed="0" covered="6"/><counter type="COMPLEXITY" missed="0" covered="2"/><counter type="METHOD" missed="0" covered="1"/></method><method name="writeToJsonFile" desc="(Ljava/util/Map;Ljava/lang/String;Ljava/lang/String;)V" line="129"><counter type="INSTRUCTION" missed="0" covered="66"/><counter type="BRANCH" missed="0" covered="6"/><counter type="LINE" missed="0" covered="14"/><counter type="COMPLEXITY" missed="0" covered="4"/><counter type="METHOD" missed="0" covered="1"/></method><method name="humanReadableByteCount" desc="(JZ)Ljava/lang/String;" line="160"><counter type="INSTRUCTION" missed="0" covered="60"/><counter type="BRANCH" missed="0" covered="8"/><counter type="LINE" missed="0" covered="6"/><counter type="COMPLEXITY" missed="0" covered="5"/><counter type="METHOD" missed="0" covered="1"/></method><method name="getElapsedHMSTime" desc="(J)Ljava/lang/String;" line="178"><counter type="INSTRUCTION" missed="0" covered="57"/><counter type="LINE" missed="0" covered="6"/><counter type="COMPLEXITY" missed="0" covered="1"/><counter type="METHOD" missed="0" covered="1"/></method><method name="getRootDirPath" desc="()Ljava/lang/String;" line="192"><counter type="INSTRUCTION" missed="0" covered="3"/><counter type="LINE" missed="0" covered="1"/><counter type="COMPLEXITY" missed="0" covered="1"/><counter type="METHOD" missed="0" covered="1"/></method><method name="setRootDirPath" desc="(Ljava/lang/String;)V" line="205"><counter type="INSTRUCTION" missed="0" covered="17"/><counter type="LINE" missed="0" covered="3"/><counter type="COMPLEXITY" missed="0" covered="1"/><counter type="METHOD" missed="0" covered="1"/></method><method name="getFileExtensions" desc="()[Ljava/lang/String;" line="215"><counter type="INSTRUCTION" missed="0" covered="3"/><counter type="LINE" missed="0" covered="1"/><counter type="COMPLEXITY" missed="0" covered="1"/><counter type="METHOD" missed="0" covered="1"/></method><method name="setFileExtensions" desc="([Ljava/lang/String;)V" line="225"><counter type="INSTRUCTION" missed="0" covered="4"/><counter type="LINE" missed="0" covered="2"/><counter type="COMPLEXITY" missed="0" covered="1"/><counter type="METHOD" missed="0" covered="1"/></method><method name="isRecursive" desc="()Z" line="234"><counter type="INSTRUCTION" missed="0" covered="3"/><counter type="LINE" missed="0" covered="1"/><counter type="COMPLEXITY" missed="0" covered="1"/><counter type="METHOD" missed="0" covered="1"/></method><method name="setRecursive" desc="(Z)V" line="244"><counter type="INSTRUCTION" missed="0" covered="4"/><counter type="LINE" missed="0" covered="2"/><counter type="COMPLEXITY" missed="0" covered="1"/><counter type="METHOD" missed="0" covered="1"/></method><method name="getFileEncoding" desc="()Ljava/nio/charset/Charset;" line="253"><counter type="INSTRUCTION" missed="0" covered="8"/><counter type="BRANCH" missed="0" covered="2"/><counter type="LINE" missed="0" covered="1"/><counter type="COMPLEXITY" missed="0" covered="2"/><counter type="METHOD" missed="0" covered="1"/></method><method name="setFileEncoding" desc="(Ljava/nio/charset/Charset;)V" line="263"><counter type="INSTRUCTION" missed="0" covered="8"/><counter type="BRANCH" missed="0" covered="2"/><counter type="LINE" missed="0" covered="2"/><counter type="COMPLEXITY" missed="0" covered="2"/><counter type="METHOD" missed="0" covered="1"/></method><method name="lambda$getFiles$1" desc="(Ljava/nio/file/Path;)Z" line="77"><counter type="INSTRUCTION" missed="0" covered="12"/><counter type="LINE" missed="0" covered="1"/><counter type="COMPLEXITY" missed="0" covered="1"/><counter type="METHOD" missed="0" covered="1"/></method><method name="lambda$getFiles$0" desc="(Ljava/nio/file/Path;)Z" line="76"><counter type="INSTRUCTION" missed="0" covered="5"/><counter type="LINE" missed="0" covered="1"/><counter type="COMPLEXITY" missed="0" covered="1"/><counter type="METHOD" missed="0" covered="1"/></method><counter type="INSTRUCTION" missed="0" covered="376"/><counter type="BRANCH" missed="0" covered="24"/><counter type="LINE" missed="0" covered="66"/><counter type="COMPLEXITY" missed="0" covered="28"/><counter type="METHOD" missed="0" covered="16"/><counter type="CLASS" missed="0" covered="1"/></class><class name="com/tunyk/mvn/plugins/htmlcompressor/HtmlCompressorMojo" sourcefilename="HtmlCompressorMojo.java"><method name="&lt;init&gt;" desc="()V" line="37"><counter type="INSTRUCTION" missed="0" covered="48"/><counter type="LINE" missed="0" covered="16"/><counter type="COMPLEXITY" missed="0" covered="1"/><counter type="METHOD" missed="0" covered="1"/></method><method name="execute" desc="()V" line="243"><counter type="INSTRUCTION" missed="142" covered="690"/><counter type="BRANCH" missed="25" covered="25"/><counter type="LINE" missed="32" covered="125"/><counter type="COMPLEXITY" missed="16" covered="10"/><counter type="METHOD" missed="0" covered="1"/></method><method name="isSkip" desc="()Z" line="455"><counter type="INSTRUCTION" missed="0" covered="3"/><counter type="LINE" missed="0" covered="1"/><counter type="COMPLEXITY" missed="0" covered="1"/><counter type="METHOD" missed="0" covered="1"/></method><method name="setSkip" desc="(Z)V" line="465"><counter type="INSTRUCTION" missed="0" covered="4"/><counter type="LINE" missed="0" covered="2"/><counter type="COMPLEXITY" missed="0" covered="1"/><counter type="METHOD" missed="0" covered="1"/></method><method name="getHtmlCompressionStatistics" desc="()Ljava/lang/String;" line="474"><counter type="INSTRUCTION" missed="0" covered="3"/><counter type="LINE" missed="0" covered="1"/><counter type="COMPLEXITY" missed="0" covered="1"/><counter type="METHOD" missed="0" covered="1"/></method><method name="setHtmlCompressionStatistics" desc="(Ljava/lang/String;)V" line="484"><counter type="INSTRUCTION" missed="0" covered="4"/><counter type="LINE" missed="0" covered="2"/><counter type="COMPLEXITY" missed="0" covered="1"/><counter type="METHOD" missed="0" covered="1"/></method><method name="getFileExt" desc="()[Ljava/lang/String;" line="496"><counter type="INSTRUCTION" missed="0" covered="3"/><counter type="LINE" missed="0" covered="1"/><counter type="COMPLEXITY" missed="0" covered="1"/><counter type="METHOD" missed="0" covered="1"/></method><method name="setFileExt" desc="([Ljava/lang/String;)V" line="509"><counter type="INSTRUCTION" missed="0" covered="4"/><counter type="LINE" missed="0" covered="2"/><counter type="COMPLEXITY" missed="0" covered="1"/><counter type="METHOD" missed="0" covered="1"/></method><method name="getFileExtensions" desc="()[Ljava/lang/String;" line="518"><counter type="INSTRUCTION" missed="0" covered="3"/><counter type="LINE" missed="0" covered="1"/><counter type="COMPLEXITY" missed="0" covered="1"/><counter type="METHOD" missed="0" covered="1"/></method><method name="setFileExtensions" desc="([Ljava/lang/String;)V" line="528"><counter type="INSTRUCTION" missed="0" covered="4"/><counter type="LINE" missed="0" covered="2"/><counter type="COMPLEXITY" missed="0" covered="1"/><counter type="METHOD" missed="0" covered="1"/></method><method name="getEnabled" desc="()Ljava/lang/Boolean;" line="537"><counter type="INSTRUCTION" missed="0" covered="4"/><counter type="LINE" missed="0" covered="1"/><counter type="COMPLEXITY" missed="0" covered="1"/><counter type="METHOD" missed="0" covered="1"/></method><method name="setEnabled" desc="(Ljava/lang/Boolean;)V" line="547"><counter type="INSTRUCTION" missed="0" covered="5"/><counter type="LINE" missed="0" covered="2"/><counter type="COMPLEXITY" missed="0" covered="1"/><counter type="METHOD" missed="0" covered="1"/></method><method name="getRemoveComments" desc="()Ljava/lang/Boolean;" line="556"><counter type="INSTRUCTION" missed="0" covered="4"/><counter type="LINE" missed="0" covered="1"/><counter type="COMPLEXITY" missed="0" covered="1"/><counter type="METHOD" missed="0" covered="1"/></method><method name="setRemoveComments" desc="(Ljava/lang/Boolean;)V" line="566"><counter type="INSTRUCTION" missed="0" covered="5"/><counter type="LINE" missed="0" covered="2"/><counter type="COMPLEXITY" missed="0" covered="1"/><counter type="METHOD" missed="0" covered="1"/></method><method name="getRemoveMultiSpaces" desc="()Ljava/lang/Boolean;" line="575"><counter type="INSTRUCTION" missed="0" covered="4"/><counter type="LINE" missed="0" covered="1"/><counter type="COMPLEXITY" missed="0" covered="1"/><counter type="METHOD" missed="0" covered="1"/></method><method name="setRemoveMultiSpaces" desc="(Ljava/lang/Boolean;)V" line="585"><counter type="INSTRUCTION" missed="0" covered="5"/><counter type="LINE" missed="0" covered="2"/><counter type="COMPLEXITY" missed="0" covered="1"/><counter type="METHOD" missed="0" covered="1"/></method><method name="getRemoveIntertagSpaces" desc="()Ljava/lang/Boolean;" line="594"><counter type="INSTRUCTION" missed="0" covered="4"/><counter type="LINE" missed="0" covered="1"/><counter type="COMPLEXITY" missed="0" covered="1"/><counter type="METHOD" missed="0" covered="1"/></method><method name="setRemoveIntertagSpaces" desc="(Ljava/lang/Boolean;)V" line="604"><counter type="INSTRUCTION" missed="0" covered="5"/><counter type="LINE" missed="0" covered="2"/><counter type="COMPLEXITY" missed="0" covered="1"/><counter type="METHOD" missed="0" covered="1"/></method><method name="getRemoveQuotes" desc="()Ljava/lang/Boolean;" line="613"><counter type="INSTRUCTION" missed="0" covered="4"/><counter type="LINE" missed="0" covered="1"/><counter type="COMPLEXITY" missed="0" covered="1"/><counter type="METHOD" missed="0" covered="1"/></method><method name="setRemoveQuotes" desc="(Ljava/lang/Boolean;)V" line="623"><counter type="INSTRUCTION" missed="0" covered="5"/><counter type="LINE" missed="0" covered="2"/><counter type="COMPLEXITY" missed="0" covered="1"/><counter type="METHOD" missed="0" covered="1"/></method><method name="getSimpleDoctype" desc="()Ljava/lang/Boolean;" line="632"><counter type="INSTRUCTION" missed="0" covered="4"/><counter type="LINE" missed="0" covered="1"/><counter type="COMPLEXITY" missed="0" covered="1"/><counter type="METHOD" missed="0" covered="1"/></method><method name="setSimpleDoctype" desc="(Ljava/lang/Boolean;)V" line="642"><counter type="INSTRUCTION" missed="0" covered="5"/><counter type="LINE" missed="0" covered="2"/><counter type="COMPLEXITY" missed="0" covered="1"/><counter type="METHOD" missed="0" covered="1"/></method><method name="getRemoveScriptAttributes" desc="()Ljava/lang/Boolean;" line="651"><counter type="INSTRUCTION" missed="0" covered="4"/><counter type="LINE" missed="0" covered="1"/><counter type="COMPLEXITY" missed="0" covered="1"/><counter type="METHOD" missed="0" covered="1"/></method><method name="setRemoveScriptAttributes" desc="(Ljava/lang/Boolean;)V" line="661"><counter type="INSTRUCTION" missed="0" covered="5"/><counter type="LINE" missed="0" covered="2"/><counter type="COMPLEXITY" missed="0" covered="1"/><counter type="METHOD" missed="0" covered="1"/></method><method name="getRemoveStyleAttributes" desc="()Ljava/lang/Boolean;" line="670"><counter type="INSTRUCTION" missed="0" covered="4"/><counter type="LINE" missed="0" covered="1"/><counter type="COMPLEXITY" missed="0" covered="1"/><counter type="METHOD" missed="0" covered="1"/></method><method name="setRemoveStyleAttributes" desc="(Ljava/lang/Boolean;)V" line="680"><counter type="INSTRUCTION" missed="0" covered="5"/><counter type="LINE" missed="0" covered="2"/><counter type="COMPLEXITY" missed="0" covered="1"/><counter type="METHOD" missed="0" covered="1"/></method><method name="getRemoveLinkAttributes" desc="()Ljava/lang/Boolean;" line="689"><counter type="INSTRUCTION" missed="0" covered="4"/><counter type="LINE" missed="0" covered="1"/><counter type="COMPLEXITY" missed="0" covered="1"/><counter type="METHOD" missed="0" covered="1"/></method><method name="setRemoveLinkAttributes" desc="(Ljava/lang/Boolean;)V" line="699"><counter type="INSTRUCTION" missed="0" covered="5"/><counter type="LINE" missed="0" covered="2"/><counter type="COMPLEXITY" missed="0" covered="1"/><counter type="METHOD" missed="0" covered="1"/></method><method name="getRemoveFormAttributes" desc="()Ljava/lang/Boolean;" line="708"><counter type="INSTRUCTION" missed="0" covered="4"/><counter type="LINE" missed="0" covered="1"/><counter type="COMPLEXITY" missed="0" covered="1"/><counter type="METHOD" missed="0" covered="1"/></method><method name="setRemoveFormAttributes" desc="(Ljava/lang/Boolean;)V" line="718"><counter type="INSTRUCTION" missed="0" covered="5"/><counter type="LINE" missed="0" covered="2"/><counter type="COMPLEXITY" missed="0" covered="1"/><counter type="METHOD" missed="0" covered="1"/></method><method name="getRemoveInputAttributes" desc="()Ljava/lang/Boolean;" line="727"><counter type="INSTRUCTION" missed="0" covered="4"/><counter type="LINE" missed="0" covered="1"/><counter type="COMPLEXITY" missed="0" covered="1"/><counter type="METHOD" missed="0" covered="1"/></method><method name="setRemoveInputAttributes" desc="(Ljava/lang/Boolean;)V" line="737"><counter type="INSTRUCTION" missed="0" covered="5"/><counter type="LINE" missed="0" covered="2"/><counter type="COMPLEXITY" missed="0" covered="1"/><counter type="METHOD" missed="0" covered="1"/></method><method name="getSimpleBooleanAttributes" desc="()Ljava/lang/Boolean;" line="746"><counter type="INSTRUCTION" missed="0" covered="4"/><counter type="LINE" missed="0" covered="1"/><counter type="COMPLEXITY" missed="0" covered="1"/><counter type="METHOD" missed="0" covered="1"/></method><method name="setSimpleBooleanAttributes" desc="(Ljava/lang/Boolean;)V" line="756"><counter type="INSTRUCTION" missed="0" covered="5"/><counter type="LINE" missed="0" covered="2"/><counter type="COMPLEXITY" missed="0" covered="1"/><counter type="METHOD" missed="0" covered="1"/></method><method name="getRemoveJavaScriptProtocol" desc="()Ljava/lang/Boolean;" line="765"><counter type="INSTRUCTION" missed="0" covered="4"/><counter type="LINE" missed="0" covered="1"/><counter type="COMPLEXITY" missed="0" covered="1"/><counter type="METHOD" missed="0" covered="1"/></method><method name="setRemoveJavaScriptProtocol" desc="(Ljava/lang/Boolean;)V" line="775"><counter type="INSTRUCTION" missed="0" covered="5"/><counter type="LINE" missed="0" covered="2"/><counter type="COMPLEXITY" missed="0" covered="1"/><counter type="METHOD" missed="0" covered="1"/></method><method name="getRemoveHttpProtocol" desc="()Ljava/lang/Boolean;" line="784"><counter type="INSTRUCTION" missed="0" covered="4"/><counter type="LINE" missed="0" covered="1"/><counter type="COMPLEXITY" missed="0" covered="1"/><counter type="METHOD" missed="0" covered="1"/></method><method name="setRemoveHttpProtocol" desc="(Ljava/lang/Boolean;)V" line="794"><counter type="INSTRUCTION" missed="0" covered="5"/><counter type="LINE" missed="0" covered="2"/><counter type="COMPLEXITY" missed="0" covered="1"/><counter type="METHOD" missed="0" covered="1"/></method><method name="getRemoveHttpsProtocol" desc="()Ljava/lang/Boolean;" line="803"><counter type="INSTRUCTION" missed="0" covered="4"/><counter type="LINE" missed="0" covered="1"/><counter type="COMPLEXITY" missed="0" covered="1"/><counter type="METHOD" missed="0" covered="1"/></method><method name="setRemoveHttpsProtocol" desc="(Ljava/lang/Boolean;)V" line="813"><counter type="INSTRUCTION" missed="0" covered="5"/><counter type="LINE" missed="0" covered="2"/><counter type="COMPLEXITY" missed="0" covered="1"/><counter type="METHOD" missed="0" covered="1"/></method><method name="getCompressCss" desc="()Ljava/lang/Boolean;" line="822"><counter type="INSTRUCTION" missed="0" covered="4"/><counter type="LINE" missed="0" covered="1"/><counter type="COMPLEXITY" missed="0" covered="1"/><counter type="METHOD" missed="0" covered="1"/></method><method name="setCompressCss" desc="(Ljava/lang/Boolean;)V" line="832"><counter type="INSTRUCTION" missed="0" covered="5"/><counter type="LINE" missed="0" covered="2"/><counter type="COMPLEXITY" missed="0" covered="1"/><counter type="METHOD" missed="0" covered="1"/></method><method name="getPreserveLineBreaks" desc="()Ljava/lang/Boolean;" line="841"><counter type="INSTRUCTION" missed="0" covered="4"/><counter type="LINE" missed="0" covered="1"/><counter type="COMPLEXITY" missed="0" covered="1"/><counter type="METHOD" missed="0" covered="1"/></method><method name="setPreserveLineBreaks" desc="(Ljava/lang/Boolean;)V" line="851"><counter type="INSTRUCTION" missed="0" covered="5"/><counter type="LINE" missed="0" covered="2"/><counter type="COMPLEXITY" missed="0" covered="1"/><counter type="METHOD" missed="0" covered="1"/></method><method name="getYuiCssLineBreak" desc="()Ljava/lang/Integer;" line="860"><counter type="INSTRUCTION" missed="0" covered="4"/><counter type="LINE" missed="0" covered="1"/><counter type="COMPLEXITY" missed="0" covered="1"/><counter type="METHOD" missed="0" covered="1"/></method><method name="setYuiCssLineBreak" desc="(Ljava/lang/Integer;)V" line="870"><counter type="INSTRUCTION" missed="0" covered="5"/><counter type="LINE" missed="0" covered="2"/><counter type="COMPLEXITY" missed="0" covered="1"/><counter type="METHOD" missed="0" covered="1"/></method><method name="getCompressJavaScript" desc="()Ljava/lang/Boolean;" line="879"><counter type="INSTRUCTION" missed="0" covered="4"/><counter type="LINE" missed="0" covered="1"/><counter type="COMPLEXITY" missed="0" covered="1"/><counter type="METHOD" missed="0" covered="1"/></method><method name="setCompressJavaScript" desc="(Ljava/lang/Boolean;)V" line="889"><counter type="INSTRUCTION" missed="0" covered="5"/><counter type="LINE" missed="0" covered="2"/><counter type="COMPLEXITY" missed="0" covered="1"/><counter type="METHOD" missed="0" covered="1"/></method><method name="getJsCompressor" desc="()Ljava/lang/String;" line="898"><counter type="INSTRUCTION" missed="0" covered="3"/><counter type="LINE" missed="0" covered="1"/><counter type="COMPLEXITY" missed="0" covered="1"/><counter type="METHOD" missed="0" covered="1"/></method><method name="setJsCompressor" desc="(Ljava/lang/String;)V" line="908"><counter type="INSTRUCTION" missed="0" covered="4"/><counter type="LINE" missed="0" covered="2"/><counter type="COMPLEXITY" missed="0" covered="1"/><counter type="METHOD" missed="0" covered="1"/></method><method name="getYuiJsNoMunge" desc="()Ljava/lang/Boolean;" line="917"><counter type="INSTRUCTION" missed="0" covered="4"/><counter type="LINE" missed="0" covered="1"/><counter type="COMPLEXITY" missed="0" covered="1"/><counter type="METHOD" missed="0" covered="1"/></method><method name="setYuiJsNoMunge" desc="(Ljava/lang/Boolean;)V" line="927"><counter type="INSTRUCTION" missed="0" covered="5"/><counter type="LINE" missed="0" covered="2"/><counter type="COMPLEXITY" missed="0" covered="1"/><counter type="METHOD" missed="0" covered="1"/></method><method name="getYuiJsPreserveAllSemiColons" desc="()Ljava/lang/Boolean;" line="936"><counter type="INSTRUCTION" missed="0" covered="4"/><counter type="LINE" missed="0" covered="1"/><counter type="COMPLEXITY" missed="0" covered="1"/><counter type="METHOD" missed="0" covered="1"/></method><method name="setYuiJsPreserveAllSemiColons" desc="(Ljava/lang/Boolean;)V" line="946"><counter type="INSTRUCTION" missed="0" covered="5"/><counter type="LINE" missed="0" covered="2"/><counter type="COMPLEXITY" missed="0" covered="1"/><counter type="METHOD" missed="0" covered="1"/></method><method name="getYuiJsLineBreak" desc="()Ljava/lang/Integer;" line="955"><counter type="INSTRUCTION" missed="0" covered="4"/><counter type="LINE" missed="0" covered="1"/><counter type="COMPLEXITY" missed="0" covered="1"/><counter type="METHOD" missed="0" covered="1"/></method><method name="setYuiJsLineBreak" desc="(Ljava/lang/Integer;)V" line="965"><counter type="INSTRUCTION" missed="0" covered="5"/><counter type="LINE" missed="0" covered="2"/><counter type="COMPLEXITY" missed="0" covered="1"/><counter type="METHOD" missed="0" covered="1"/></method><method name="getClosureOptLevel" desc="()Ljava/lang/String;" line="974"><counter type="INSTRUCTION" missed="0" covered="3"/><counter type="LINE" missed="0" covered="1"/><counter type="COMPLEXITY" missed="0" covered="1"/><counter type="METHOD" missed="0" covered="1"/></method><method name="setClosureOptLevel" desc="(Ljava/lang/String;)V" line="984"><counter type="INSTRUCTION" missed="0" covered="4"/><counter type="LINE" missed="0" covered="2"/><counter type="COMPLEXITY" missed="0" covered="1"/><counter type="METHOD" missed="0" covered="1"/></method><method name="getYuiJsDisableOptimizations" desc="()Ljava/lang/Boolean;" line="993"><counter type="INSTRUCTION" missed="0" covered="4"/><counter type="LINE" missed="0" covered="1"/><counter type="COMPLEXITY" missed="0" covered="1"/><counter type="METHOD" missed="0" covered="1"/></method><method name="setYuiJsDisableOptimizations" desc="(Ljava/lang/Boolean;)V" line="1003"><counter type="INSTRUCTION" missed="0" covered="5"/><counter type="LINE" missed="0" covered="2"/><counter type="COMPLEXITY" missed="0" covered="1"/><counter type="METHOD" missed="0" covered="1"/></method><method name="getPredefinedPreservePatterns" desc="()[Ljava/lang/String;" line="1012"><counter type="INSTRUCTION" missed="3" covered="0"/><counter type="LINE" missed="1" covered="0"/><counter type="COMPLEXITY" missed="1" covered="0"/><counter type="METHOD" missed="1" covered="0"/></method><method name="setPredefinedPreservePatterns" desc="([Ljava/lang/String;)V" line="1022"><counter type="INSTRUCTION" missed="0" covered="4"/><counter type="LINE" missed="0" covered="2"/><counter type="COMPLEXITY" missed="0" covered="1"/><counter type="METHOD" missed="0" covered="1"/></method><method name="getPreservePatterns" desc="()[Ljava/lang/String;" line="1031"><counter type="INSTRUCTION" missed="0" covered="3"/><counter type="LINE" missed="0" covered="1"/><counter type="COMPLEXITY" missed="0" covered="1"/><counter type="METHOD" missed="0" covered="1"/></method><method name="setPreservePatterns" desc="([Ljava/lang/String;)V" line="1041"><counter type="INSTRUCTION" missed="0" covered="4"/><counter type="LINE" missed="0" covered="2"/><counter type="COMPLEXITY" missed="0" covered="1"/><counter type="METHOD" missed="0" covered="1"/></method><method name="getPreservePatternFiles" desc="()[Ljava/io/File;" line="1050"><counter type="INSTRUCTION" missed="3" covered="0"/><counter type="LINE" missed="1" covered="0"/><counter type="COMPLEXITY" missed="1" covered="0"/><counter type="METHOD" missed="1" covered="0"/></method><method name="setPreservePatternFiles" desc="([Ljava/io/File;)V" line="1060"><counter type="INSTRUCTION" missed="4" covered="0"/><counter type="LINE" missed="2" covered="0"/><counter type="COMPLEXITY" missed="1" covered="0"/><counter type="METHOD" missed="1" covered="0"/></method><method name="getGenerateStatistics" desc="()Ljava/lang/Boolean;" line="1069"><counter type="INSTRUCTION" missed="0" covered="4"/><counter type="LINE" missed="0" covered="1"/><counter type="COMPLEXITY" missed="0" covered="1"/><counter type="METHOD" missed="0" covered="1"/></method><method name="setGenerateStatistics" desc="(Ljava/lang/Boolean;)V" line="1079"><counter type="INSTRUCTION" missed="0" covered="5"/><counter type="LINE" missed="0" covered="2"/><counter type="COMPLEXITY" missed="0" covered="1"/><counter type="METHOD" missed="0" covered="1"/></method><method name="getSrcFolder" desc="()Ljava/lang/String;" line="1088"><counter type="INSTRUCTION" missed="0" covered="3"/><counter type="LINE" missed="0" covered="1"/><counter type="COMPLEXITY" missed="0" covered="1"/><counter type="METHOD" missed="0" covered="1"/></method><method name="setSrcFolder" desc="(Ljava/lang/String;)V" line="1098"><counter type="INSTRUCTION" missed="0" covered="4"/><counter type="LINE" missed="0" covered="2"/><counter type="COMPLEXITY" missed="0" covered="1"/><counter type="METHOD" missed="0" covered="1"/></method><method name="getTargetFolder" desc="()Ljava/lang/String;" line="1107"><counter type="INSTRUCTION" missed="0" covered="3"/><counter type="LINE" missed="0" covered="1"/><counter type="COMPLEXITY" missed="0" covered="1"/><counter type="METHOD" missed="0" covered="1"/></method><method name="setTargetFolder" desc="(Ljava/lang/String;)V" line="1117"><counter type="INSTRUCTION" missed="0" covered="4"/><counter type="LINE" missed="0" covered="2"/><counter type="COMPLEXITY" missed="0" covered="1"/><counter type="METHOD" missed="0" covered="1"/></method><method name="getJavascriptHtmlSprite" desc="()Ljava/lang/Boolean;" line="1126"><counter type="INSTRUCTION" missed="0" covered="4"/><counter type="LINE" missed="0" covered="1"/><counter type="COMPLEXITY" missed="0" covered="1"/><counter type="METHOD" missed="0" covered="1"/></method><method name="setJavascriptHtmlSprite" desc="(Ljava/lang/Boolean;)V" line="1136"><counter type="INSTRUCTION" missed="0" covered="5"/><counter type="LINE" missed="0" covered="2"/><counter type="COMPLEXITY" missed="0" covered="1"/><counter type="METHOD" missed="0" covered="1"/></method><method name="getJavascriptHtmlSpriteIntegrationFile" desc="()Ljava/lang/String;" line="1145"><counter type="INSTRUCTION" missed="0" covered="3"/><counter type="LINE" missed="0" covered="1"/><counter type="COMPLEXITY" missed="0" covered="1"/><counter type="METHOD" missed="0" covered="1"/></method><method name="setJavascriptHtmlSpriteIntegrationFile" desc="(Ljava/lang/String;)V" line="1155"><counter type="INSTRUCTION" missed="0" covered="4"/><counter type="LINE" missed="0" covered="2"/><counter type="COMPLEXITY" missed="0" covered="1"/><counter type="METHOD" missed="0" covered="1"/></method><method name="getJavascriptHtmlSpriteTargetFile" desc="()Ljava/lang/String;" line="1164"><counter type="INSTRUCTION" missed="0" covered="3"/><counter type="LINE" missed="0" covered="1"/><counter type="COMPLEXITY" missed="0" covered="1"/><counter type="METHOD" missed="0" covered="1"/></method><method name="setJavascriptHtmlSpriteTargetFile" desc="(Ljava/lang/String;)V" line="1174"><counter type="INSTRUCTION" missed="0" covered="4"/><counter type="LINE" missed="0" covered="2"/><counter type="COMPLEXITY" missed="0" covered="1"/><counter type="METHOD" missed="0" covered="1"/></method><method name="getEncoding" desc="()Ljava/lang/String;" line="1183"><counter type="INSTRUCTION" missed="0" covered="3"/><counter type="LINE" missed="0" covered="1"/><counter type="COMPLEXITY" missed="0" covered="1"/><counter type="METHOD" missed="0" covered="1"/></method><method name="setEncoding" desc="(Ljava/lang/String;)V" line="1193"><counter type="INSTRUCTION" missed="0" covered="4"/><counter type="LINE" missed="0" covered="2"/><counter type="COMPLEXITY" missed="0" covered="1"/><counter type="METHOD" missed="0" covered="1"/></method><method name="getClosureCustomExternsOnly" desc="()Ljava/lang/Boolean;" line="1202"><counter type="INSTRUCTION" missed="0" covered="4"/><counter type="LINE" missed="0" covered="1"/><counter type="COMPLEXITY" missed="0" covered="1"/><counter type="METHOD" missed="0" covered="1"/></method><method name="setClosureCustomExternsOnly" desc="(Ljava/lang/Boolean;)V" line="1212"><counter type="INSTRUCTION" missed="0" covered="5"/><counter type="LINE" missed="0" covered="2"/><counter type="COMPLEXITY" missed="0" covered="1"/><counter type="METHOD" missed="0" covered="1"/></method><method name="getClosureExterns" desc="()[Ljava/lang/String;" line="1221"><counter type="INSTRUCTION" missed="0" covered="3"/><counter type="LINE" missed="0" covered="1"/><counter type="COMPLEXITY" missed="0" covered="1"/><counter type="METHOD" missed="0" covered="1"/></method><method name="setClosureExterns" desc="([Ljava/lang/String;)V" line="1231"><counter type="INSTRUCTION" missed="0" covered="4"/><counter type="LINE" missed="0" covered="2"/><counter type="COMPLEXITY" missed="0" covered="1"/><counter type="METHOD" missed="0" covered="1"/></method><counter type="INSTRUCTION" missed="152" covered="1067"/><counter type="BRANCH" missed="25" covered="25"/><counter type="LINE" missed="36" covered="260"/><counter type="COMPLEXITY" missed="19" covered="90"/><counter type="METHOD" missed="3" covered="81"/><counter type="CLASS" missed="0" covered="1"/></class><class name="com/tunyk/mvn/plugins/htmlcompressor/XmlCompressor" sourcefilename="XmlCompressor.java"><method name="&lt;init&gt;" desc="(Ljava/lang/String;Ljava/lang/String;)V" line="45"><counter type="INSTRUCTION" missed="0" covered="9"/><counter type="LINE" missed="0" covered="4"/><counter type="COMPLEXITY" missed="0" covered="1"/><counter type="METHOD" missed="0" covered="1"/></method><method name="compress" desc="()V" line="57"><counter type="INSTRUCTION" missed="0" covered="64"/><counter type="BRANCH" missed="1" covered="7"/><counter type="LINE" missed="0" covered="12"/><counter type="COMPLEXITY" missed="1" covered="4"/><counter type="METHOD" missed="0" covered="1"/></method><method name="getFileExtensions" desc="()[Ljava/lang/String;" line="82"><counter type="INSTRUCTION" missed="0" covered="3"/><counter type="LINE" missed="0" covered="1"/><counter type="COMPLEXITY" missed="0" covered="1"/><counter type="METHOD" missed="0" covered="1"/></method><method name="setFileExtensions" desc="([Ljava/lang/String;)V" line="92"><counter type="INSTRUCTION" missed="0" covered="4"/><counter type="LINE" missed="0" covered="2"/><counter type="COMPLEXITY" missed="0" covered="1"/><counter type="METHOD" missed="0" covered="1"/></method><method name="getSrcDirPath" desc="()Ljava/lang/String;" line="101"><counter type="INSTRUCTION" missed="0" covered="3"/><counter type="LINE" missed="0" covered="1"/><counter type="COMPLEXITY" missed="0" covered="1"/><counter type="METHOD" missed="0" covered="1"/></method><method name="setSrcDirPath" desc="(Ljava/lang/String;)V" line="111"><counter type="INSTRUCTION" missed="0" covered="4"/><counter type="LINE" missed="0" covered="2"/><counter type="COMPLEXITY" missed="0" covered="1"/><counter type="METHOD" missed="0" covered="1"/></method><method name="getTargetDirPath" desc="()Ljava/lang/String;" line="120"><counter type="INSTRUCTION" missed="0" covered="3"/><counter type="LINE" missed="0" covered="1"/><counter type="COMPLEXITY" missed="0" covered="1"/><counter type="METHOD" missed="0" covered="1"/></method><method name="setTargetDirPath" desc="(Ljava/lang/String;)V" line="130"><counter type="INSTRUCTION" missed="0" covered="4"/><counter type="LINE" missed="0" covered="2"/><counter type="COMPLEXITY" missed="0" covered="1"/><counter type="METHOD" missed="0" covered="1"/></method><method name="getFileEncoding" desc="()Ljava/nio/charset/Charset;" line="139"><counter type="INSTRUCTION" missed="0" covered="3"/><counter type="LINE" missed="0" covered="1"/><counter type="COMPLEXITY" missed="0" covered="1"/><counter type="METHOD" missed="0" covered="1"/></method><method name="setFileEncoding" desc="(Ljava/nio/charset/Charset;)V" line="149"><counter type="INSTRUCTION" missed="2" covered="6"/><counter type="BRANCH" missed="1" covered="1"/><counter type="LINE" missed="0" covered="2"/><counter type="COMPLEXITY" missed="1" covered="1"/><counter type="METHOD" missed="0" covered="1"/></method><method name="getXmlCompressor" desc="()Lcom/googlecode/htmlcompressor/compressor/XmlCompressor;" line="158"><counter type="INSTRUCTION" missed="0" covered="3"/><counter type="LINE" missed="0" covered="1"/><counter type="COMPLEXITY" missed="0" covered="1"/><counter type="METHOD" missed="0" covered="1"/></method><method name="setXmlCompressor" desc="(Lcom/googlecode/htmlcompressor/compressor/XmlCompressor;)V" line="168"><counter type="INSTRUCTION" missed="0" covered="4"/><counter type="LINE" missed="0" covered="2"/><counter type="COMPLEXITY" missed="0" covered="1"/><counter type="METHOD" missed="0" covered="1"/></method><method name="&lt;clinit&gt;" desc="()V" line="20"><counter type="INSTRUCTION" missed="0" covered="8"/><counter type="LINE" missed="0" covered="1"/><counter type="COMPLEXITY" missed="0" covered="1"/><counter type="METHOD" missed="0" covered="1"/></method><counter type="INSTRUCTION" missed="2" covered="118"/><counter type="BRANCH" missed="2" covered="8"/><counter type="LINE" missed="0" covered="32"/><counter type="COMPLEXITY" missed="2" covered="16"/><counter type="METHOD" missed="0" covered="13"/><counter type="CLASS" missed="0" covered="1"/></class><class name="com/tunyk/mvn/plugins/htmlcompressor/HtmlCompressor" sourcefilename="HtmlCompressor.java"><method name="&lt;init&gt;" desc="(Ljava/lang/String;Ljava/lang/String;)V" line="57"><counter type="INSTRUCTION" missed="0" covered="9"/><counter type="LINE" missed="0" covered="4"/><counter type="COMPLEXITY" missed="0" covered="1"/><counter type="METHOD" missed="0" covered="1"/></method><method name="&lt;init&gt;" desc="(Ljava/lang/String;Ljava/lang/String;ZLjava/lang/String;Ljava/lang/String;)V" line="77"><counter type="INSTRUCTION" missed="0" covered="18"/><counter type="LINE" missed="0" covered="7"/><counter type="COMPLEXITY" missed="0" covered="1"/><counter type="METHOD" missed="0" covered="1"/></method><method name="compress" desc="()V" line="92"><counter type="INSTRUCTION" missed="0" covered="87"/><counter type="BRANCH" missed="1" covered="11"/><counter type="LINE" missed="0" covered="16"/><counter type="COMPLEXITY" missed="1" covered="6"/><counter type="METHOD" missed="0" covered="1"/></method><method name="getFileExtensions" desc="()[Ljava/lang/String;" line="122"><counter type="INSTRUCTION" missed="0" covered="3"/><counter type="LINE" missed="0" covered="1"/><counter type="COMPLEXITY" missed="0" covered="1"/><counter type="METHOD" missed="0" covered="1"/></method><method name="setFileExtensions" desc="([Ljava/lang/String;)V" line="132"><counter type="INSTRUCTION" missed="0" covered="4"/><counter type="LINE" missed="0" covered="2"/><counter type="COMPLEXITY" missed="0" covered="1"/><counter type="METHOD" missed="0" covered="1"/></method><method name="getSrcDirPath" desc="()Ljava/lang/String;" line="141"><counter type="INSTRUCTION" missed="0" covered="3"/><counter type="LINE" missed="0" covered="1"/><counter type="COMPLEXITY" missed="0" covered="1"/><counter type="METHOD" missed="0" covered="1"/></method><method name="setSrcDirPath" desc="(Ljava/lang/String;)V" line="151"><counter type="INSTRUCTION" missed="0" covered="4"/><counter type="LINE" missed="0" covered="2"/><counter type="COMPLEXITY" missed="0" covered="1"/><counter type="METHOD" missed="0" covered="1"/></method><method name="getTargetDirPath" desc="()Ljava/lang/String;" line="160"><counter type="INSTRUCTION" missed="0" covered="3"/><counter type="LINE" missed="0" covered="1"/><counter type="COMPLEXITY" missed="0" covered="1"/><counter type="METHOD" missed="0" covered="1"/></method><method name="setTargetDirPath" desc="(Ljava/lang/String;)V" line="170"><counter type="INSTRUCTION" missed="0" covered="4"/><counter type="LINE" missed="0" covered="2"/><counter type="COMPLEXITY" missed="0" covered="1"/><counter type="METHOD" missed="0" covered="1"/></method><method name="getFileEncoding" desc="()Ljava/nio/charset/Charset;" line="179"><counter type="INSTRUCTION" missed="0" covered="3"/><counter type="LINE" missed="0" covered="1"/><counter type="COMPLEXITY" missed="0" covered="1"/><counter type="METHOD" missed="0" covered="1"/></method><method name="setFileEncoding" desc="(Ljava/nio/charset/Charset;)V" line="189"><counter type="INSTRUCTION" missed="2" covered="6"/><counter type="BRANCH" missed="1" covered="1"/><counter type="LINE" missed="0" covered="2"/><counter type="COMPLEXITY" missed="1" covered="1"/><counter type="METHOD" missed="0" covered="1"/></method><method name="isCreateJsonFile" desc="()Z" line="198"><counter type="INSTRUCTION" missed="0" covered="3"/><counter type="LINE" missed="0" covered="1"/><counter type="COMPLEXITY" missed="0" covered="1"/><counter type="METHOD" missed="0" covered="1"/></method><method name="setCreateJsonFile" desc="(Z)V" line="208"><counter type="INSTRUCTION" missed="0" covered="4"/><counter type="LINE" missed="0" covered="2"/><counter type="COMPLEXITY" missed="0" covered="1"/><counter type="METHOD" missed="0" covered="1"/></method><method name="getTargetJsonFilePath" desc="()Ljava/lang/String;" line="217"><counter type="INSTRUCTION" missed="0" covered="3"/><counter type="LINE" missed="0" covered="1"/><counter type="COMPLEXITY" missed="0" covered="1"/><counter type="METHOD" missed="0" covered="1"/></method><method name="setTargetJsonFilePath" desc="(Ljava/lang/String;)V" line="227"><counter type="INSTRUCTION" missed="0" covered="4"/><counter type="LINE" missed="0" covered="2"/><counter type="COMPLEXITY" missed="0" covered="1"/><counter type="METHOD" missed="0" covered="1"/></method><method name="getJsonIntegrationFilePath" desc="()Ljava/lang/String;" line="236"><counter type="INSTRUCTION" missed="0" covered="3"/><counter type="LINE" missed="0" covered="1"/><counter type="COMPLEXITY" missed="0" covered="1"/><counter type="METHOD" missed="0" covered="1"/></method><method name="setJsonIntegrationFilePath" desc="(Ljava/lang/String;)V" line="246"><counter type="INSTRUCTION" missed="0" covered="4"/><counter type="LINE" missed="0" covered="2"/><counter type="COMPLEXITY" missed="0" covered="1"/><counter type="METHOD" missed="0" covered="1"/></method><method name="getHtmlCompressor" desc="()Lcom/googlecode/htmlcompressor/compressor/HtmlCompressor;" line="255"><counter type="INSTRUCTION" missed="0" covered="3"/><counter type="LINE" missed="0" covered="1"/><counter type="COMPLEXITY" missed="0" covered="1"/><counter type="METHOD" missed="0" covered="1"/></method><method name="setHtmlCompressor" desc="(Lcom/googlecode/htmlcompressor/compressor/HtmlCompressor;)V" line="265"><counter type="INSTRUCTION" missed="0" covered="4"/><counter type="LINE" missed="0" covered="2"/><counter type="COMPLEXITY" missed="0" covered="1"/><counter type="METHOD" missed="0" covered="1"/></method><method name="&lt;clinit&gt;" desc="()V" line="23"><counter type="INSTRUCTION" missed="0" covered="12"/><counter type="LINE" missed="0" covered="1"/><counter type="COMPLEXITY" missed="0" covered="1"/><counter type="METHOD" missed="0" covered="1"/></method><counter type="INSTRUCTION" missed="2" covered="184"/><counter type="BRANCH" missed="2" covered="12"/><counter type="LINE" missed="0" covered="52"/><counter type="COMPLEXITY" missed="2" covered="25"/><counter type="METHOD" missed="0" covered="20"/><counter type="CLASS" missed="0" covered="1"/></class><class name="com/tunyk/mvn/plugins/htmlcompressor/XmlCompressorMojo" sourcefilename="XmlCompressorMojo.java"><method name="&lt;init&gt;" desc="()V" line="22"><counter type="INSTRUCTION" missed="0" covered="21"/><counter type="LINE" missed="0" covered="7"/><counter type="COMPLEXITY" missed="0" covered="1"/><counter type="METHOD" missed="0" covered="1"/></method><method name="execute" desc="()V" line="72"><counter type="INSTRUCTION" missed="7" covered="76"/><counter type="BRANCH" missed="1" covered="7"/><counter type="LINE" missed="2" covered="21"/><counter type="COMPLEXITY" missed="1" covered="4"/><counter type="METHOD" missed="0" covered="1"/></method><method name="isSkip" desc="()Z" line="113"><counter type="INSTRUCTION" missed="0" covered="3"/><counter type="LINE" missed="0" covered="1"/><counter type="COMPLEXITY" missed="0" covered="1"/><counter type="METHOD" missed="0" covered="1"/></method><method name="setSkip" desc="(Z)V" line="123"><counter type="INSTRUCTION" missed="0" covered="4"/><counter type="LINE" missed="0" covered="2"/><counter type="COMPLEXITY" missed="0" covered="1"/><counter type="METHOD" missed="0" covered="1"/></method><method name="getFileExt" desc="()[Ljava/lang/String;" line="135"><counter type="INSTRUCTION" missed="0" covered="3"/><counter type="LINE" missed="0" covered="1"/><counter type="COMPLEXITY" missed="0" covered="1"/><counter type="METHOD" missed="0" covered="1"/></method><method name="setFileExt" desc="([Ljava/lang/String;)V" line="148"><counter type="INSTRUCTION" missed="0" covered="4"/><counter type="LINE" missed="0" covered="2"/><counter type="COMPLEXITY" missed="0" covered="1"/><counter type="METHOD" missed="0" covered="1"/></method><method name="getFileExtensions" desc="()[Ljava/lang/String;" line="157"><counter type="INSTRUCTION" missed="0" covered="3"/><counter type="LINE" missed="0" covered="1"/><counter type="COMPLEXITY" missed="0" covered="1"/><counter type="METHOD" missed="0" covered="1"/></method><method name="setFileExtensions" desc="([Ljava/lang/String;)V" line="167"><counter type="INSTRUCTION" missed="0" covered="4"/><counter type="LINE" missed="0" covered="2"/><counter type="COMPLEXITY" missed="0" covered="1"/><counter type="METHOD" missed="0" covered="1"/></method><method name="getEnabled" desc="()Ljava/lang/Boolean;" line="176"><counter type="INSTRUCTION" missed="0" covered="4"/><counter type="LINE" missed="0" covered="1"/><counter type="COMPLEXITY" missed="0" covered="1"/><counter type="METHOD" missed="0" covered="1"/></method><method name="setEnabled" desc="(Ljava/lang/Boolean;)V" line="186"><counter type="INSTRUCTION" missed="0" covered="5"/><counter type="LINE" missed="0" covered="2"/><counter type="COMPLEXITY" missed="0" covered="1"/><counter type="METHOD" missed="0" covered="1"/></method><method name="getRemoveComments" desc="()Ljava/lang/Boolean;" line="195"><counter type="INSTRUCTION" missed="0" covered="4"/><counter type="LINE" missed="0" covered="1"/><counter type="COMPLEXITY" missed="0" covered="1"/><counter type="METHOD" missed="0" covered="1"/></method><method name="setRemoveComments" desc="(Ljava/lang/Boolean;)V" line="205"><counter type="INSTRUCTION" missed="0" covered="5"/><counter type="LINE" missed="0" covered="2"/><counter type="COMPLEXITY" missed="0" covered="1"/><counter type="METHOD" missed="0" covered="1"/></method><method name="getRemoveIntertagSpaces" desc="()Ljava/lang/Boolean;" line="214"><counter type="INSTRUCTION" missed="0" covered="4"/><counter type="LINE" missed="0" covered="1"/><counter type="COMPLEXITY" missed="0" covered="1"/><counter type="METHOD" missed="0" covered="1"/></method><method name="setRemoveIntertagSpaces" desc="(Ljava/lang/Boolean;)V" line="224"><counter type="INSTRUCTION" missed="0" covered="5"/><counter type="LINE" missed="0" covered="2"/><counter type="COMPLEXITY" missed="0" covered="1"/><counter type="METHOD" missed="0" covered="1"/></method><method name="getSrcFolder" desc="()Ljava/lang/String;" line="233"><counter type="INSTRUCTION" missed="0" covered="3"/><counter type="LINE" missed="0" covered="1"/><counter type="COMPLEXITY" missed="0" covered="1"/><counter type="METHOD" missed="0" covered="1"/></method><method name="setSrcFolder" desc="(Ljava/lang/String;)V" line="243"><counter type="INSTRUCTION" missed="0" covered="4"/><counter type="LINE" missed="0" covered="2"/><counter type="COMPLEXITY" missed="0" covered="1"/><counter type="METHOD" missed="0" covered="1"/></method><method name="getTargetFolder" desc="()Ljava/lang/String;" line="252"><counter type="INSTRUCTION" missed="0" covered="3"/><counter type="LINE" missed="0" covered="1"/><counter type="COMPLEXITY" missed="0" covered="1"/><counter type="METHOD" missed="0" covered="1"/></method><method name="setTargetFolder" desc="(Ljava/lang/String;)V" line="262"><counter type="INSTRUCTION" missed="0" covered="4"/><counter type="LINE" missed="0" covered="2"/><counter type="COMPLEXITY" missed="0" covered="1"/><counter type="METHOD" missed="0" covered="1"/></method><counter type="INSTRUCTION" missed="7" covered="159"/><counter type="BRANCH" missed="1" covered="7"/><counter type="LINE" missed="2" covered="52"/><counter type="COMPLEXITY" missed="1" covered="21"/><counter type="METHOD" missed="0" covered="18"/><counter type="CLASS" missed="0" covered="1"/></class><sourcefile name="XmlCompressor.java"><line nr="20" mi="0" ci="8" mb="0" cb="0"/><line nr="45" mi="0" ci="2" mb="0" cb="0"/><line nr="46" mi="0" ci="3" mb="0" cb="0"/><line nr="47" mi="0" ci="3" mb="0" cb="0"/><line nr="48" mi="0" ci="1" mb="0" cb="0"/><line nr="57" mi="0" ci="7" mb="1" cb="3"/><line nr="58" mi="0" ci="3" mb="0" cb="0"/><line nr="61" mi="0" ci="9" mb="0" cb="0"/><line nr="62" mi="0" ci="4" mb="0" cb="0"/><line nr="63" mi="0" ci="3" mb="0" cb="0"/><line nr="65" mi="0" ci="3" mb="0" cb="2"/><line nr="66" mi="0" ci="5" mb="0" cb="0"/><line nr="69" mi="0" ci="11" mb="0" cb="2"/><line nr="70" mi="0" ci="12" mb="0" cb="0"/><line nr="71" mi="0" ci="1" mb="0" cb="0"/><line nr="73" mi="0" ci="5" mb="0" cb="0"/><line nr="74" mi="0" ci="1" mb="0" cb="0"/><line nr="82" mi="0" ci="3" mb="0" cb="0"/><line nr="92" mi="0" ci="3" mb="0" cb="0"/><line nr="93" mi="0" ci="1" mb="0" cb="0"/><line nr="101" mi="0" ci="3" mb="0" cb="0"/><line nr="111" mi="0" ci="3" mb="0" cb="0"/><line nr="112" mi="0" ci="1" mb="0" cb="0"/><line nr="120" mi="0" ci="3" mb="0" cb="0"/><line nr="130" mi="0" ci="3" mb="0" cb="0"/><line nr="131" mi="0" ci="1" mb="0" cb="0"/><line nr="139" mi="0" ci="3" mb="0" cb="0"/><line nr="149" mi="2" ci="5" mb="1" cb="1"/><line nr="150" mi="0" ci="1" mb="0" cb="0"/><line nr="158" mi="0" ci="3" mb="0" cb="0"/><line nr="168" mi="0" ci="3" mb="0" cb="0"/><line nr="169" mi="0" ci="1" mb="0" cb="0"/><counter type="INSTRUCTION" missed="2" covered="118"/><counter type="BRANCH" missed="2" covered="8"/><counter type="LINE" missed="0" covered="32"/><counter type="COMPLEXITY" missed="2" covered="16"/><counter type="METHOD" missed="0" covered="13"/><counter type="CLASS" missed="0" covered="1"/></sourcefile><sourcefile name="FileTool.java"><line nr="57" mi="0" ci="2" mb="0" cb="0"/><line nr="58" mi="0" ci="3" mb="0" cb="0"/><line nr="59" mi="0" ci="3" mb="0" cb="0"/><line nr="60" mi="0" ci="3" mb="0" cb="0"/><line nr="61" mi="0" ci="1" mb="0" cb="0"/><line nr="72" mi="0" ci="4" mb="0" cb="0"/><line nr="73" mi="0" ci="6" mb="0" cb="0"/><line nr="75" mi="0" ci="5" mb="0" cb="0"/><line nr="76" mi="0" ci="12" mb="0" cb="0"/><line nr="77" mi="0" ci="13" mb="0" cb="0"/><line nr="78" mi="0" ci="4" mb="0" cb="0"/><line nr="80" mi="0" ci="2" mb="0" cb="0"/><line nr="81" mi="0" ci="10" mb="0" cb="2"/><line nr="82" mi="0" ci="7" mb="0" cb="0"/><line nr="83" mi="0" ci="2" mb="0" cb="2"/><line nr="84" mi="0" ci="11" mb="0" cb="0"/><line nr="86" mi="0" ci="4" mb="0" cb="0"/><line nr="87" mi="0" ci="5" mb="0" cb="0"/><line nr="88" mi="0" ci="5" mb="0" cb="0"/><line nr="89" mi="0" ci="1" mb="0" cb="0"/><line nr="90" mi="0" ci="2" mb="0" cb="0"/><line nr="105" mi="0" ci="11" mb="0" cb="2"/><line nr="106" mi="0" ci="9" mb="0" cb="0"/><line nr="107" mi="0" ci="6" mb="0" cb="0"/><line nr="108" mi="0" ci="10" mb="0" cb="0"/><line nr="109" mi="0" ci="1" mb="0" cb="0"/><line nr="110" mi="0" ci="1" mb="0" cb="0"/><line nr="129" mi="0" ci="2" mb="0" cb="0"/><line nr="130" mi="0" ci="5" mb="0" cb="0"/><line nr="131" mi="0" ci="4" mb="0" cb="0"/><line nr="132" mi="0" ci="11" mb="0" cb="2"/><line nr="133" mi="0" ci="8" mb="0" cb="0"/><line nr="134" mi="0" ci="1" mb="0" cb="0"/><line nr="135" mi="0" ci="2" mb="0" cb="2"/><line nr="136" mi="0" ci="2" mb="0" cb="0"/><line nr="138" mi="0" ci="5" mb="0" cb="2"/><line nr="139" mi="0" ci="4" mb="0" cb="0"/><line nr="141" mi="0" ci="7" mb="0" cb="0"/><line nr="142" mi="0" ci="6" mb="0" cb="0"/><line nr="143" mi="0" ci="8" mb="0" cb="0"/><line nr="144" mi="0" ci="1" mb="0" cb="0"/><line nr="160" mi="0" ci="6" mb="0" cb="2"/><line nr="161" mi="0" ci="5" mb="0" cb="2"/><line nr="162" mi="0" ci="3" mb="0" cb="0"/><line nr="164" mi="0" ci="9" mb="0" cb="0"/><line nr="165" mi="0" ci="16" mb="0" cb="4"/><line nr="166" mi="0" ci="21" mb="0" cb="0"/><line nr="178" mi="0" ci="10" mb="0" cb="0"/><line nr="179" mi="0" ci="4" mb="0" cb="0"/><line nr="180" mi="0" ci="12" mb="0" cb="0"/><line nr="181" mi="0" ci="14" mb="0" cb="0"/><line nr="182" mi="0" ci="12" mb="0" cb="0"/><line nr="183" mi="0" ci="5" mb="0" cb="0"/><line nr="192" mi="0" ci="3" mb="0" cb="0"/><line nr="205" mi="0" ci="5" mb="0" cb="0"/><line nr="206" mi="0" ci="11" mb="0" cb="0"/><line nr="207" mi="0" ci="1" mb="0" cb="0"/><line nr="215" mi="0" ci="3" mb="0" cb="0"/><line nr="225" mi="0" ci="3" mb="0" cb="0"/><line nr="226" mi="0" ci="1" mb="0" cb="0"/><line nr="234" mi="0" ci="3" mb="0" cb="0"/><line nr="244" mi="0" ci="3" mb="0" cb="0"/><line nr="245" mi="0" ci="1" mb="0" cb="0"/><line nr="253" mi="0" ci="8" mb="0" cb="2"/><line nr="263" mi="0" ci="7" mb="0" cb="2"/><line nr="264" mi="0" ci="1" mb="0" cb="0"/><counter type="INSTRUCTION" missed="0" covered="376"/><counter type="BRANCH" missed="0" covered="24"/><counter type="LINE" missed="0" covered="66"/><counter type="COMPLEXITY" missed="0" covered="28"/><counter type="METHOD" missed="0" covered="16"/><counter type="CLASS" missed="0" covered="1"/></sourcefile><sourcefile name="XmlCompressorMojo.java"><line nr="22" mi="0" ci="2" mb="0" cb="0"/><line nr="38" mi="0" ci="3" mb="0" cb="0"/><line nr="46" mi="0" ci="3" mb="0" cb="0"/><line nr="50" mi="0" ci="3" mb="0" cb="0"/><line nr="56" mi="0" ci="3" mb="0" cb="0"/><line nr="62" mi="0" ci="3" mb="0" cb="0"/><line nr="66" mi="0" ci="4" mb="0" cb="0"/><line nr="72" mi="0" ci="3" mb="0" cb="2"/><line nr="73" mi="0" ci="4" mb="0" cb="0"/><line nr="74" mi="0" ci="1" mb="0" cb="0"/><line nr="77" mi="0" ci="3" mb="0" cb="2"/><line nr="78" mi="0" ci="4" mb="0" cb="0"/><line nr="79" mi="0" ci="1" mb="0" cb="0"/><line nr="83" mi="0" ci="6" mb="1" cb="3"/><line nr="84" mi="0" ci="4" mb="0" cb="0"/><line nr="87" mi="0" ci="6" mb="0" cb="0"/><line nr="88" mi="0" ci="8" mb="0" cb="0"/><line nr="89" mi="0" ci="4" mb="0" cb="0"/><line nr="90" mi="0" ci="5" mb="0" cb="0"/><line nr="92" mi="0" ci="4" mb="0" cb="0"/><line nr="93" mi="0" ci="4" mb="0" cb="0"/><line nr="94" mi="0" ci="4" mb="0" cb="0"/><line nr="95" mi="0" ci="4" mb="0" cb="0"/><line nr="96" mi="0" ci="3" mb="0" cb="0"/><line nr="99" mi="0" ci="2" mb="0" cb="0"/><line nr="100" mi="1" ci="0" mb="0" cb="0"/><line nr="101" mi="6" ci="0" mb="0" cb="0"/><line nr="102" mi="0" ci="1" mb="0" cb="0"/><line nr="104" mi="0" ci="4" mb="0" cb="0"/><line nr="105" mi="0" ci="1" mb="0" cb="0"/><line nr="113" mi="0" ci="3" mb="0" cb="0"/><line nr="123" mi="0" ci="3" mb="0" cb="0"/><line nr="124" mi="0" ci="1" mb="0" cb="0"/><line nr="135" mi="0" ci="3" mb="0" cb="0"/><line nr="148" mi="0" ci="3" mb="0" cb="0"/><line nr="149" mi="0" ci="1" mb="0" cb="0"/><line nr="157" mi="0" ci="3" mb="0" cb="0"/><line nr="167" mi="0" ci="3" mb="0" cb="0"/><line nr="168" mi="0" ci="1" mb="0" cb="0"/><line nr="176" mi="0" ci="4" mb="0" cb="0"/><line nr="186" mi="0" ci="4" mb="0" cb="0"/><line nr="187" mi="0" ci="1" mb="0" cb="0"/><line nr="195" mi="0" ci="4" mb="0" cb="0"/><line nr="205" mi="0" ci="4" mb="0" cb="0"/><line nr="206" mi="0" ci="1" mb="0" cb="0"/><line nr="214" mi="0" ci="4" mb="0" cb="0"/><line nr="224" mi="0" ci="4" mb="0" cb="0"/><line nr="225" mi="0" ci="1" mb="0" cb="0"/><line nr="233" mi="0" ci="3" mb="0" cb="0"/><line nr="243" mi="0" ci="3" mb="0" cb="0"/><line nr="244" mi="0" ci="1" mb="0" cb="0"/><line nr="252" mi="0" ci="3" mb="0" cb="0"/><line nr="262" mi="0" ci="3" mb="0" cb="0"/><line nr="263" mi="0" ci="1" mb="0" cb="0"/><counter type="INSTRUCTION" missed="7" covered="159"/><counter type="BRANCH" missed="1" covered="7"/><counter type="LINE" missed="2" covered="52"/><counter type="COMPLEXITY" missed="1" covered="21"/><counter type="METHOD" missed="0" covered="18"/><counter type="CLASS" missed="0" covered="1"/></sourcefile><sourcefile name="HtmlCompressor.java"><line nr="23" mi="0" ci="12" mb="0" cb="0"/><line nr="57" mi="0" ci="2" mb="0" cb="0"/><line nr="58" mi="0" ci="3" mb="0" cb="0"/><line nr="59" mi="0" ci="3" mb="0" cb="0"/><line nr="60" mi="0" ci="1" mb="0" cb="0"/><line nr="77" mi="0" ci="2" mb="0" cb="0"/><line nr="78" mi="0" ci="3" mb="0" cb="0"/><line nr="79" mi="0" ci="3" mb="0" cb="0"/><line nr="80" mi="0" ci="3" mb="0" cb="0"/><line nr="81" mi="0" ci="3" mb="0" cb="0"/><line nr="82" mi="0" ci="3" mb="0" cb="0"/><line nr="83" mi="0" ci="1" mb="0" cb="0"/><line nr="92" mi="0" ci="7" mb="1" cb="3"/><line nr="93" mi="0" ci="3" mb="0" cb="0"/><line nr="96" mi="0" ci="9" mb="0" cb="0"/><line nr="97" mi="0" ci="4" mb="0" cb="0"/><line nr="98" mi="0" ci="3" mb="0" cb="0"/><line nr="100" mi="0" ci="3" mb="0" cb="2"/><line nr="101" mi="0" ci="5" mb="0" cb="0"/><line nr="104" mi="0" ci="11" mb="0" cb="2"/><line nr="105" mi="0" ci="12" mb="0" cb="0"/><line nr="106" mi="0" ci="1" mb="0" cb="0"/><line nr="108" mi="0" ci="5" mb="0" cb="0"/><line nr="109" mi="0" ci="3" mb="0" cb="2"/><line nr="110" mi="0" ci="7" mb="0" cb="0"/><line nr="111" mi="0" ci="7" mb="0" cb="2"/><line nr="112" mi="0" ci="6" mb="0" cb="0"/><line nr="114" mi="0" ci="1" mb="0" cb="0"/><line nr="122" mi="0" ci="3" mb="0" cb="0"/><line nr="132" mi="0" ci="3" mb="0" cb="0"/><line nr="133" mi="0" ci="1" mb="0" cb="0"/><line nr="141" mi="0" ci="3" mb="0" cb="0"/><line nr="151" mi="0" ci="3" mb="0" cb="0"/><line nr="152" mi="0" ci="1" mb="0" cb="0"/><line nr="160" mi="0" ci="3" mb="0" cb="0"/><line nr="170" mi="0" ci="3" mb="0" cb="0"/><line nr="171" mi="0" ci="1" mb="0" cb="0"/><line nr="179" mi="0" ci="3" mb="0" cb="0"/><line nr="189" mi="2" ci="5" mb="1" cb="1"/><line nr="190" mi="0" ci="1" mb="0" cb="0"/><line nr="198" mi="0" ci="3" mb="0" cb="0"/><line nr="208" mi="0" ci="3" mb="0" cb="0"/><line nr="209" mi="0" ci="1" mb="0" cb="0"/><line nr="217" mi="0" ci="3" mb="0" cb="0"/><line nr="227" mi="0" ci="3" mb="0" cb="0"/><line nr="228" mi="0" ci="1" mb="0" cb="0"/><line nr="236" mi="0" ci="3" mb="0" cb="0"/><line nr="246" mi="0" ci="3" mb="0" cb="0"/><line nr="247" mi="0" ci="1" mb="0" cb="0"/><line nr="255" mi="0" ci="3" mb="0" cb="0"/><line nr="265" mi="0" ci="3" mb="0" cb="0"/><line nr="266" mi="0" ci="1" mb="0" cb="0"/><counter type="INSTRUCTION" missed="2" covered="184"/><counter type="BRANCH" missed="2" covered="12"/><counter type="LINE" missed="0" covered="52"/><counter type="COMPLEXITY" missed="2" covered="25"/><counter type="METHOD" missed="0" covered="20"/><counter type="CLASS" missed="0" covered="1"/></sourcefile><sourcefile name="HtmlCompressorMojo.java"><line nr="37" mi="0" ci="2" mb="0" cb="0"/><line nr="40" mi="0" ci="3" mb="0" cb="0"/><line nr="59" mi="0" ci="3" mb="0" cb="0"/><line nr="67" mi="0" ci="3" mb="0" cb="0"/><line nr="71" mi="0" ci="3" mb="0" cb="0"/><line nr="131" mi="0" ci="3" mb="0" cb="0"/><line nr="145" mi="0" ci="3" mb="0" cb="0"/><line nr="163" mi="0" ci="3" mb="0" cb="0"/><line nr="167" mi="0" ci="3" mb="0" cb="0"/><line nr="189" mi="0" ci="3" mb="0" cb="0"/><line nr="195" mi="0" ci="3" mb="0" cb="0"/><line nr="201" mi="0" ci="3" mb="0" cb="0"/><line nr="208" mi="0" ci="3" mb="0" cb="0"/><line nr="215" mi="0" ci="3" mb="0" cb="0"/><line nr="221" mi="0" ci="3" mb="0" cb="0"/><line nr="225" mi="0" ci="4" mb="0" cb="0"/><line nr="243" mi="0" ci="3" mb="0" cb="2"/><line nr="244" mi="0" ci="4" mb="0" cb="0"/><line nr="245" mi="0" ci="1" mb="0" cb="0"/><line nr="248" mi="0" ci="3" mb="0" cb="2"/><line nr="249" mi="0" ci="4" mb="0" cb="0"/><line nr="250" mi="0" ci="1" mb="0" cb="0"/><line nr="253" mi="0" ci="9" mb="0" cb="2"/><line nr="254" mi="0" ci="6" mb="0" cb="0"/><line nr="255" mi="0" ci="1" mb="0" cb="0"/><line nr="258" mi="0" ci="6" mb="0" cb="0"/><line nr="259" mi="0" ci="8" mb="0" cb="0"/><line nr="262" mi="0" ci="6" mb="1" cb="3"/><line nr="263" mi="0" ci="4" mb="0" cb="0"/><line nr="266" mi="0" ci="4" mb="0" cb="0"/><line nr="267" mi="0" ci="5" mb="0" cb="0"/><line nr="268" mi="0" ci="4" mb="0" cb="0"/><line nr="269" mi="0" ci="4" mb="0" cb="0"/><line nr="270" mi="0" ci="4" mb="0" cb="0"/><line nr="272" mi="0" ci="4" mb="0" cb="0"/><line nr="273" mi="0" ci="4" mb="0" cb="0"/><line nr="274" mi="0" ci="4" mb="0" cb="0"/><line nr="275" mi="0" ci="4" mb="0" cb="0"/><line nr="276" mi="0" ci="4" mb="0" cb="0"/><line nr="277" mi="0" ci="4" mb="0" cb="0"/><line nr="278" mi="0" ci="4" mb="0" cb="0"/><line nr="279" mi="0" ci="4" mb="0" cb="0"/><line nr="280" mi="0" ci="4" mb="0" cb="0"/><line nr="281" mi="0" ci="4" mb="0" cb="0"/><line nr="282" mi="0" ci="4" mb="0" cb="0"/><line nr="283" mi="0" ci="4" mb="0" cb="0"/><line nr="284" mi="0" ci="4" mb="0" cb="0"/><line nr="285" mi="0" ci="4" mb="0" cb="0"/><line nr="286" mi="0" ci="4" mb="0" cb="0"/><line nr="287" mi="0" ci="4" mb="0" cb="0"/><line nr="288" mi="0" ci="4" mb="0" cb="0"/><line nr="289" mi="0" ci="4" mb="0" cb="0"/><line nr="290" mi="0" ci="4" mb="0" cb="0"/><line nr="291" mi="0" ci="4" mb="0" cb="0"/><line nr="292" mi="0" ci="4" mb="0" cb="0"/><line nr="293" mi="0" ci="4" mb="0" cb="0"/><line nr="294" mi="0" ci="4" mb="0" cb="0"/><line nr="295" mi="0" ci="4" mb="0" cb="0"/><line nr="296" mi="0" ci="4" mb="0" cb="0"/><line nr="298" mi="0" ci="5" mb="1" cb="1"/><line nr="299" mi="4" ci="0" mb="0" cb="0"/><line nr="300" mi="6" ci="0" mb="2" cb="0"/><line nr="301" mi="2" ci="0" mb="2" cb="0"/><line nr="302" mi="3" ci="0" mb="0" cb="0"/><line nr="303" mi="4" ci="0" mb="0" cb="0"/><line nr="304" mi="4" ci="0" mb="2" cb="0"/><line nr="305" mi="4" ci="0" mb="0" cb="0"/><line nr="306" mi="17" ci="0" mb="2" cb="0"/><line nr="307" mi="5" ci="0" mb="0" cb="0"/><line nr="309" mi="3" ci="0" mb="0" cb="0"/><line nr="310" mi="1" ci="0" mb="0" cb="0"/><line nr="311" mi="6" ci="0" mb="2" cb="0"/><line nr="312" mi="2" ci="0" mb="2" cb="0"/><line nr="313" mi="4" ci="0" mb="0" cb="0"/><line nr="315" mi="3" ci="0" mb="0" cb="0"/><line nr="318" mi="3" ci="0" mb="0" cb="0"/><line nr="321" mi="0" ci="4" mb="0" cb="0"/><line nr="322" mi="0" ci="2" mb="0" cb="0"/><line nr="323" mi="0" ci="2" mb="0" cb="0"/><line nr="324" mi="0" ci="3" mb="0" cb="2"/><line nr="325" mi="0" ci="17" mb="0" cb="2"/><line nr="326" mi="0" ci="6" mb="1" cb="3"/><line nr="327" mi="0" ci="4" mb="0" cb="0"/><line nr="328" mi="0" ci="3" mb="0" cb="0"/><line nr="329" mi="0" ci="6" mb="2" cb="2"/><line nr="330" mi="0" ci="2" mb="0" cb="0"/><line nr="331" mi="0" ci="2" mb="0" cb="0"/><line nr="332" mi="0" ci="2" mb="0" cb="0"/><line nr="336" mi="0" ci="3" mb="0" cb="2"/><line nr="337" mi="0" ci="17" mb="0" cb="2"/><line nr="338" mi="0" ci="3" mb="1" cb="1"/><line nr="340" mi="0" ci="5" mb="0" cb="0"/><line nr="341" mi="0" ci="1" mb="0" cb="0"/><line nr="342" mi="0" ci="6" mb="0" cb="0"/><line nr="343" mi="0" ci="1" mb="0" cb="0"/><line nr="347" mi="0" ci="3" mb="1" cb="1"/><line nr="348" mi="17" ci="0" mb="2" cb="0"/><line nr="350" mi="7" ci="0" mb="0" cb="0"/><line nr="351" mi="10" ci="0" mb="2" cb="0"/><line nr="352" mi="3" ci="0" mb="2" cb="0"/><line nr="353" mi="5" ci="0" mb="0" cb="0"/><line nr="355" mi="1" ci="0" mb="0" cb="0"/><line nr="356" mi="1" ci="0" mb="0" cb="0"/><line nr="357" mi="6" ci="0" mb="0" cb="0"/><line nr="358" mi="1" ci="0" mb="0" cb="0"/><line nr="361" mi="0" ci="3" mb="0" cb="0"/><line nr="362" mi="0" ci="3" mb="0" cb="0"/><line nr="365" mi="0" ci="2" mb="0" cb="0"/><line nr="366" mi="1" ci="0" mb="0" cb="0"/><line nr="367" mi="6" ci="0" mb="0" cb="0"/><line nr="368" mi="0" ci="1" mb="0" cb="0"/><line nr="371" mi="0" ci="2" mb="0" cb="0"/><line nr="373" mi="0" ci="2" mb="0" cb="0"/><line nr="375" mi="0" ci="6" mb="0" cb="0"/><line nr="376" mi="1" ci="0" mb="0" cb="0"/><line nr="377" mi="4" ci="0" mb="0" cb="0"/><line nr="378" mi="1" ci="0" mb="0" cb="0"/><line nr="379" mi="0" ci="1" mb="0" cb="0"/><line nr="381" mi="0" ci="5" mb="0" cb="0"/><line nr="382" mi="0" ci="1" mb="0" cb="0"/><line nr="383" mi="0" ci="6" mb="0" cb="0"/><line nr="384" mi="0" ci="3" mb="0" cb="0"/><line nr="385" mi="0" ci="6" mb="0" cb="0"/><line nr="387" mi="0" ci="3" mb="0" cb="0"/><line nr="388" mi="0" ci="6" mb="0" cb="0"/><line nr="390" mi="0" ci="3" mb="0" cb="0"/><line nr="391" mi="0" ci="6" mb="0" cb="0"/><line nr="394" mi="0" ci="6" mb="0" cb="0"/><line nr="395" mi="0" ci="5" mb="0" cb="0"/><line nr="396" mi="0" ci="1" mb="0" cb="0"/><line nr="397" mi="0" ci="6" mb="0" cb="0"/><line nr="398" mi="0" ci="3" mb="0" cb="0"/><line nr="399" mi="0" ci="6" mb="0" cb="0"/><line nr="401" mi="0" ci="3" mb="0" cb="0"/><line nr="402" mi="0" ci="6" mb="0" cb="0"/><line nr="404" mi="0" ci="3" mb="0" cb="0"/><line nr="405" mi="0" ci="6" mb="0" cb="0"/><line nr="408" mi="0" ci="6" mb="0" cb="0"/><line nr="409" mi="0" ci="3" mb="0" cb="0"/><line nr="410" mi="0" ci="5" mb="0" cb="0"/><line nr="411" mi="0" ci="10" mb="0" cb="0"/><line nr="412" mi="0" ci="6" mb="0" cb="0"/><line nr="414" mi="0" ci="2" mb="0" cb="0"/><line nr="415" mi="0" ci="5" mb="0" cb="0"/><line nr="416" mi="0" ci="2" mb="0" cb="0"/><line nr="417" mi="0" ci="2" mb="0" cb="0"/><line nr="418" mi="0" ci="7" mb="0" cb="0"/><line nr="419" mi="0" ci="6" mb="0" cb="0"/><line nr="420" mi="0" ci="25" mb="0" cb="0"/><line nr="421" mi="0" ci="6" mb="0" cb="0"/><line nr="422" mi="0" ci="27" mb="0" cb="0"/><line nr="423" mi="0" ci="27" mb="0" cb="0"/><line nr="424" mi="0" ci="25" mb="0" cb="0"/><line nr="425" mi="0" ci="2" mb="0" cb="0"/><line nr="426" mi="0" ci="25" mb="0" cb="0"/><line nr="427" mi="0" ci="2" mb="0" cb="0"/><line nr="428" mi="0" ci="25" mb="0" cb="0"/><line nr="429" mi="0" ci="2" mb="0" cb="0"/><line nr="430" mi="0" ci="6" mb="0" cb="0"/><line nr="431" mi="0" ci="24" mb="0" cb="0"/><line nr="432" mi="0" ci="7" mb="0" cb="0"/><line nr="433" mi="0" ci="11" mb="0" cb="0"/><line nr="434" mi="0" ci="2" mb="0" cb="0"/><line nr="435" mi="0" ci="6" mb="0" cb="0"/><line nr="437" mi="0" ci="3" mb="0" cb="0"/><line nr="438" mi="0" ci="4" mb="0" cb="0"/><line nr="440" mi="0" ci="10" mb="0" cb="0"/><line nr="441" mi="0" ci="13" mb="0" cb="0"/><line nr="442" mi="1" ci="0" mb="0" cb="0"/><line nr="443" mi="6" ci="0" mb="0" cb="0"/><line nr="444" mi="0" ci="1" mb="0" cb="0"/><line nr="446" mi="0" ci="4" mb="0" cb="0"/><line nr="447" mi="0" ci="1" mb="0" cb="0"/><line nr="455" mi="0" ci="3" mb="0" cb="0"/><line nr="465" mi="0" ci="3" mb="0" cb="0"/><line nr="466" mi="0" ci="1" mb="0" cb="0"/><line nr="474" mi="0" ci="3" mb="0" cb="0"/><line nr="484" mi="0" ci="3" mb="0" cb="0"/><line nr="485" mi="0" ci="1" mb="0" cb="0"/><line nr="496" mi="0" ci="3" mb="0" cb="0"/><line nr="509" mi="0" ci="3" mb="0" cb="0"/><line nr="510" mi="0" ci="1" mb="0" cb="0"/><line nr="518" mi="0" ci="3" mb="0" cb="0"/><line nr="528" mi="0" ci="3" mb="0" cb="0"/><line nr="529" mi="0" ci="1" mb="0" cb="0"/><line nr="537" mi="0" ci="4" mb="0" cb="0"/><line nr="547" mi="0" ci="4" mb="0" cb="0"/><line nr="548" mi="0" ci="1" mb="0" cb="0"/><line nr="556" mi="0" ci="4" mb="0" cb="0"/><line nr="566" mi="0" ci="4" mb="0" cb="0"/><line nr="567" mi="0" ci="1" mb="0" cb="0"/><line nr="575" mi="0" ci="4" mb="0" cb="0"/><line nr="585" mi="0" ci="4" mb="0" cb="0"/><line nr="586" mi="0" ci="1" mb="0" cb="0"/><line nr="594" mi="0" ci="4" mb="0" cb="0"/><line nr="604" mi="0" ci="4" mb="0" cb="0"/><line nr="605" mi="0" ci="1" mb="0" cb="0"/><line nr="613" mi="0" ci="4" mb="0" cb="0"/><line nr="623" mi="0" ci="4" mb="0" cb="0"/><line nr="624" mi="0" ci="1" mb="0" cb="0"/><line nr="632" mi="0" ci="4" mb="0" cb="0"/><line nr="642" mi="0" ci="4" mb="0" cb="0"/><line nr="643" mi="0" ci="1" mb="0" cb="0"/><line nr="651" mi="0" ci="4" mb="0" cb="0"/><line nr="661" mi="0" ci="4" mb="0" cb="0"/><line nr="662" mi="0" ci="1" mb="0" cb="0"/><line nr="670" mi="0" ci="4" mb="0" cb="0"/><line nr="680" mi="0" ci="4" mb="0" cb="0"/><line nr="681" mi="0" ci="1" mb="0" cb="0"/><line nr="689" mi="0" ci="4" mb="0" cb="0"/><line nr="699" mi="0" ci="4" mb="0" cb="0"/><line nr="700" mi="0" ci="1" mb="0" cb="0"/><line nr="708" mi="0" ci="4" mb="0" cb="0"/><line nr="718" mi="0" ci="4" mb="0" cb="0"/><line nr="719" mi="0" ci="1" mb="0" cb="0"/><line nr="727" mi="0" ci="4" mb="0" cb="0"/><line nr="737" mi="0" ci="4" mb="0" cb="0"/><line nr="738" mi="0" ci="1" mb="0" cb="0"/><line nr="746" mi="0" ci="4" mb="0" cb="0"/><line nr="756" mi="0" ci="4" mb="0" cb="0"/><line nr="757" mi="0" ci="1" mb="0" cb="0"/><line nr="765" mi="0" ci="4" mb="0" cb="0"/><line nr="775" mi="0" ci="4" mb="0" cb="0"/><line nr="776" mi="0" ci="1" mb="0" cb="0"/><line nr="784" mi="0" ci="4" mb="0" cb="0"/><line nr="794" mi="0" ci="4" mb="0" cb="0"/><line nr="795" mi="0" ci="1" mb="0" cb="0"/><line nr="803" mi="0" ci="4" mb="0" cb="0"/><line nr="813" mi="0" ci="4" mb="0" cb="0"/><line nr="814" mi="0" ci="1" mb="0" cb="0"/><line nr="822" mi="0" ci="4" mb="0" cb="0"/><line nr="832" mi="0" ci="4" mb="0" cb="0"/><line nr="833" mi="0" ci="1" mb="0" cb="0"/><line nr="841" mi="0" ci="4" mb="0" cb="0"/><line nr="851" mi="0" ci="4" mb="0" cb="0"/><line nr="852" mi="0" ci="1" mb="0" cb="0"/><line nr="860" mi="0" ci="4" mb="0" cb="0"/><line nr="870" mi="0" ci="4" mb="0" cb="0"/><line nr="871" mi="0" ci="1" mb="0" cb="0"/><line nr="879" mi="0" ci="4" mb="0" cb="0"/><line nr="889" mi="0" ci="4" mb="0" cb="0"/><line nr="890" mi="0" ci="1" mb="0" cb="0"/><line nr="898" mi="0" ci="3" mb="0" cb="0"/><line nr="908" mi="0" ci="3" mb="0" cb="0"/><line nr="909" mi="0" ci="1" mb="0" cb="0"/><line nr="917" mi="0" ci="4" mb="0" cb="0"/><line nr="927" mi="0" ci="4" mb="0" cb="0"/><line nr="928" mi="0" ci="1" mb="0" cb="0"/><line nr="936" mi="0" ci="4" mb="0" cb="0"/><line nr="946" mi="0" ci="4" mb="0" cb="0"/><line nr="947" mi="0" ci="1" mb="0" cb="0"/><line nr="955" mi="0" ci="4" mb="0" cb="0"/><line nr="965" mi="0" ci="4" mb="0" cb="0"/><line nr="966" mi="0" ci="1" mb="0" cb="0"/><line nr="974" mi="0" ci="3" mb="0" cb="0"/><line nr="984" mi="0" ci="3" mb="0" cb="0"/><line nr="985" mi="0" ci="1" mb="0" cb="0"/><line nr="993" mi="0" ci="4" mb="0" cb="0"/><line nr="1003" mi="0" ci="4" mb="0" cb="0"/><line nr="1004" mi="0" ci="1" mb="0" cb="0"/><line nr="1012" mi="3" ci="0" mb="0" cb="0"/><line nr="1022" mi="0" ci="3" mb="0" cb="0"/><line nr="1023" mi="0" ci="1" mb="0" cb="0"/><line nr="1031" mi="0" ci="3" mb="0" cb="0"/><line nr="1041" mi="0" ci="3" mb="0" cb="0"/><line nr="1042" mi="0" ci="1" mb="0" cb="0"/><line nr="1050" mi="3" ci="0" mb="0" cb="0"/><line nr="1060" mi="3" ci="0" mb="0" cb="0"/><line nr="1061" mi="1" ci="0" mb="0" cb="0"/><line nr="1069" mi="0" ci="4" mb="0" cb="0"/><line nr="1079" mi="0" ci="4" mb="0" cb="0"/><line nr="1080" mi="0" ci="1" mb="0" cb="0"/><line nr="1088" mi="0" ci="3" mb="0" cb="0"/><line nr="1098" mi="0" ci="3" mb="0" cb="0"/><line nr="1099" mi="0" ci="1" mb="0" cb="0"/><line nr="1107" mi="0" ci="3" mb="0" cb="0"/><line nr="1117" mi="0" ci="3" mb="0" cb="0"/><line nr="1118" mi="0" ci="1" mb="0" cb="0"/><line nr="1126" mi="0" ci="4" mb="0" cb="0"/><line nr="1136" mi="0" ci="4" mb="0" cb="0"/><line nr="1137" mi="0" ci="1" mb="0" cb="0"/><line nr="1145" mi="0" ci="3" mb="0" cb="0"/><line nr="1155" mi="0" ci="3" mb="0" cb="0"/><line nr="1156" mi="0" ci="1" mb="0" cb="0"/><line nr="1164" mi="0" ci="3" mb="0" cb="0"/><line nr="1174" mi="0" ci="3" mb="0" cb="0"/><line nr="1175" mi="0" ci="1" mb="0" cb="0"/><line nr="1183" mi="0" ci="3" mb="0" cb="0"/><line nr="1193" mi="0" ci="3" mb="0" cb="0"/><line nr="1194" mi="0" ci="1" mb="0" cb="0"/><line nr="1202" mi="0" ci="4" mb="0" cb="0"/><line nr="1212" mi="0" ci="4" mb="0" cb="0"/><line nr="1213" mi="0" ci="1" mb="0" cb="0"/><line nr="1221" mi="0" ci="3" mb="0" cb="0"/><line nr="1231" mi="0" ci="3" mb="0" cb="0"/><line nr="1232" mi="0" ci="1" mb="0" cb="0"/><counter type="INSTRUCTION" missed="152" covered="1067"/><counter type="BRANCH" missed="25" covered="25"/><counter type="LINE" missed="36" covered="260"/><counter type="COMPLEXITY" missed="19" covered="90"/><counter type="METHOD" missed="3" covered="81"/><counter type="CLASS" missed="0" covered="1"/></sourcefile><counter type="INSTRUCTION" missed="163" covered="1904"/><counter type="BRANCH" missed="30" covered="76"/><counter type="LINE" missed="38" covered="462"/><counter type="COMPLEXITY" missed="24" covered="180"/><counter type="METHOD" missed="3" covered="148"/><counter type="CLASS" missed="0" covered="5"/></package><package name="com/github/hazendaz/maven/htmlcompressor_maven_plugin"><class name="com/github/hazendaz/maven/htmlcompressor_maven_plugin/HelpMojo" sourcefilename="HelpMojo.java"><method name="&lt;init&gt;" desc="()V" line="28"><counter type="INSTRUCTION" missed="0" covered="3"/><counter type="LINE" missed="0" covered="1"/><counter type="COMPLEXITY" missed="0" covered="1"/><counter type="METHOD" missed="0" covered="1"/></method><method name="build" desc="()Lorg/w3c/dom/Document;" line="68"><counter type="INSTRUCTION" missed="29" covered="22"/><counter type="BRANCH" missed="1" covered="1"/><counter type="LINE" missed="7" covered="6"/><counter type="COMPLEXITY" missed="1" covered="1"/><counter type="METHOD" missed="0" covered="1"/></method><method name="execute" desc="()V" line="100"><counter type="INSTRUCTION" missed="19" covered="135"/><counter type="BRANCH" missed="11" covered="9"/><counter type="LINE" missed="3" covered="28"/><counter type="COMPLEXITY" missed="9" covered="2"/><counter type="METHOD" missed="0" covered="1"/></method><method name="isNotEmpty" desc="(Ljava/lang/String;)Z" line="165"><counter type="INSTRUCTION" missed="1" covered="8"/><counter type="BRANCH" missed="2" covered="2"/><counter type="LINE" missed="0" covered="1"/><counter type="COMPLEXITY" missed="2" covered="1"/><counter type="METHOD" missed="0" covered="1"/></method><method name="getValue" desc="(Lorg/w3c/dom/Node;Ljava/lang/String;)Ljava/lang/String;" line="171"><counter type="INSTRUCTION" missed="0" covered="5"/><counter type="LINE" missed="0" covered="1"/><counter type="COMPLEXITY" missed="0" covered="1"/><counter type="METHOD" missed="0" covered="1"/></method><method name="getSingleChild" desc="(Lorg/w3c/dom/Node;Ljava/lang/String;)Lorg/w3c/dom/Node;" line="177"><counter type="INSTRUCTION" missed="6" covered="22"/><counter type="BRANCH" missed="1" covered="3"/><counter type="LINE" missed="1" covered="5"/><counter type="COMPLEXITY" missed="1" covered="2"/><counter type="METHOD" missed="0" covered="1"/></method><method name="findNamedChild" desc="(Lorg/w3c/dom/Node;Ljava/lang/String;)Ljava/util/List;" line="191"><counter type="INSTRUCTION" missed="0" covered="30"/><counter type="BRANCH" missed="0" covered="4"/><counter type="LINE" missed="0" covered="7"/><counter type="COMPLEXITY" missed="0" covered="3"/><counter type="METHOD" missed="0" covered="1"/></method><method name="findSingleChild" desc="(Lorg/w3c/dom/Node;Ljava/lang/String;)Lorg/w3c/dom/Node;" line="207"><counter type="INSTRUCTION" missed="0" covered="24"/><counter type="BRANCH" missed="0" covered="4"/><counter type="LINE" missed="0" covered="6"/><counter type="COMPLEXITY" missed="0" covered="3"/><counter type="METHOD" missed="0" covered="1"/></method><method name="writeGoal" desc="(Ljava/lang/StringBuilder;Ljava/lang/String;Lorg/w3c/dom/Element;)V" line="222"><counter type="INSTRUCTION" missed="37" covered="79"/><counter type="BRANCH" missed="14" covered="6"/><counter type="LINE" missed="4" covered="19"/><counter type="COMPLEXITY" missed="9" covered="2"/><counter type="METHOD" missed="0" covered="1"/></method><method name="writeParameter" desc="(Ljava/lang/StringBuilder;Lorg/w3c/dom/Node;Lorg/w3c/dom/Node;)V" line="262"><counter type="INSTRUCTION" missed="0" covered="100"/><counter type="BRANCH" missed="6" covered="12"/><counter type="LINE" missed="0" covered="22"/><counter type="COMPLEXITY" missed="6" covered="4"/><counter type="METHOD" missed="0" covered="1"/></method><method name="repeat" desc="(Ljava/lang/String;I)Ljava/lang/String;" line="310"><counter type="INSTRUCTION" missed="0" covered="22"/><counter type="BRANCH" missed="0" covered="2"/><counter type="LINE" missed="0" covered="4"/><counter type="COMPLEXITY" missed="0" covered="2"/><counter type="METHOD" missed="0" covered="1"/></method><method name="append" desc="(Ljava/lang/StringBuilder;Ljava/lang/String;I)V" line="330"><counter type="INSTRUCTION" missed="0" covered="24"/><counter type="BRANCH" missed="0" covered="2"/><counter type="LINE" missed="0" covered="4"/><counter type="COMPLEXITY" missed="0" covered="2"/><counter type="METHOD" missed="0" covered="1"/></method><method name="toLines" desc="(Ljava/lang/String;III)Ljava/util/List;" line="348"><counter type="INSTRUCTION" missed="0" covered="37"/><counter type="BRANCH" missed="0" covered="2"/><counter type="LINE" missed="0" covered="6"/><counter type="COMPLEXITY" missed="0" covered="2"/><counter type="METHOD" missed="0" covered="1"/></method><method name="toLines" desc="(Ljava/util/List;Ljava/lang/String;II)V" line="372"><counter type="INSTRUCTION" missed="0" covered="104"/><counter type="BRANCH" missed="0" covered="12"/><counter type="LINE" missed="0" covered="19"/><counter type="COMPLEXITY" missed="0" covered="7"/><counter type="METHOD" missed="0" covered="1"/></method><method name="getIndentLevel" desc="(Ljava/lang/String;)I" line="421"><counter type="INSTRUCTION" missed="0" covered="40"/><counter type="BRANCH" missed="0" covered="10"/><counter type="LINE" missed="0" covered="8"/><counter type="COMPLEXITY" missed="0" covered="6"/><counter type="METHOD" missed="0" covered="1"/></method><method name="getPropertyFromExpression" desc="(Ljava/lang/String;)Ljava/lang/String;" line="439"><counter type="INSTRUCTION" missed="0" covered="26"/><counter type="BRANCH" missed="1" covered="7"/><counter type="LINE" missed="0" covered="4"/><counter type="COMPLEXITY" missed="1" covered="4"/><counter type="METHOD" missed="0" covered="1"/></method><counter type="INSTRUCTION" missed="92" covered="681"/><counter type="BRANCH" missed="36" covered="76"/><counter type="LINE" missed="15" covered="141"/><counter type="COMPLEXITY" missed="29" covered="43"/><counter type="METHOD" missed="0" covered="16"/><counter type="CLASS" missed="0" covered="1"/></class><sourcefile name="HelpMojo.java"><line nr="28" mi="0" ci="3" mb="0" cb="0"/><line nr="68" mi="0" ci="4" mb="0" cb="0"/><line nr="69" mi="0" ci="5" mb="0" cb="0"/><line nr="71" mi="0" ci="2" mb="1" cb="1"/><line nr="73" mi="5" ci="0" mb="0" cb="0"/><line nr="75" mi="0" ci="2" mb="0" cb="0"/><line nr="76" mi="0" ci="3" mb="0" cb="0"/><line nr="77" mi="0" ci="6" mb="0" cb="0"/><line nr="79" mi="1" ci="0" mb="0" cb="0"/><line nr="81" mi="7" ci="0" mb="0" cb="0"/><line nr="83" mi="1" ci="0" mb="0" cb="0"/><line nr="85" mi="7" ci="0" mb="0" cb="0"/><line nr="87" mi="1" ci="0" mb="0" cb="0"/><line nr="89" mi="7" ci="0" mb="0" cb="0"/><line nr="100" mi="0" ci="3" mb="1" cb="1"/><line nr="102" mi="0" ci="4" mb="0" cb="0"/><line nr="103" mi="0" ci="3" mb="0" cb="0"/><line nr="105" mi="0" ci="3" mb="1" cb="1"/><line nr="107" mi="0" ci="4" mb="0" cb="0"/><line nr="108" mi="0" ci="3" mb="0" cb="0"/><line nr="111" mi="0" ci="3" mb="0" cb="0"/><line nr="113" mi="0" ci="4" mb="0" cb="0"/><line nr="114" mi="0" ci="4" mb="0" cb="0"/><line nr="117" mi="0" ci="4" mb="0" cb="0"/><line nr="118" mi="0" ci="4" mb="0" cb="0"/><line nr="119" mi="0" ci="9" mb="0" cb="0"/><line nr="120" mi="0" ci="7" mb="2" cb="2"/><line nr="122" mi="0" ci="8" mb="0" cb="0"/><line nr="126" mi="3" ci="0" mb="2" cb="0"/><line nr="128" mi="6" ci="0" mb="0" cb="0"/><line nr="132" mi="5" ci="0" mb="0" cb="0"/><line nr="135" mi="0" ci="7" mb="0" cb="0"/><line nr="136" mi="0" ci="5" mb="0" cb="0"/><line nr="139" mi="0" ci="4" mb="0" cb="0"/><line nr="141" mi="0" ci="4" mb="0" cb="0"/><line nr="143" mi="0" ci="4" mb="0" cb="0"/><line nr="145" mi="4" ci="3" mb="3" cb="1"/><line nr="147" mi="1" ci="13" mb="1" cb="1"/><line nr="148" mi="0" ci="5" mb="0" cb="0"/><line nr="151" mi="0" ci="10" mb="0" cb="2"/><line nr="153" mi="0" ci="6" mb="0" cb="0"/><line nr="154" mi="0" ci="1" mb="0" cb="0"/><line nr="156" mi="0" ci="4" mb="1" cb="1"/><line nr="158" mi="0" ci="5" mb="0" cb="0"/><line nr="160" mi="0" ci="1" mb="0" cb="0"/><line nr="165" mi="1" ci="8" mb="2" cb="2"/><line nr="171" mi="0" ci="5" mb="0" cb="0"/><line nr="177" mi="0" ci="4" mb="0" cb="0"/><line nr="178" mi="0" ci="3" mb="0" cb="2"/><line nr="180" mi="0" ci="6" mb="0" cb="0"/><line nr="182" mi="0" ci="4" mb="1" cb="1"/><line nr="184" mi="6" ci="0" mb="0" cb="0"/><line nr="186" mi="0" ci="5" mb="0" cb="0"/><line nr="191" mi="0" ci="4" mb="0" cb="0"/><line nr="192" mi="0" ci="3" mb="0" cb="0"/><line nr="193" mi="0" ci="8" mb="0" cb="2"/><line nr="195" mi="0" ci="4" mb="0" cb="0"/><line nr="196" mi="0" ci="5" mb="0" cb="2"/><line nr="198" mi="0" ci="4" mb="0" cb="0"/><line nr="201" mi="0" ci="2" mb="0" cb="0"/><line nr="207" mi="0" ci="4" mb="0" cb="0"/><line nr="208" mi="0" ci="3" mb="0" cb="2"/><line nr="210" mi="0" ci="2" mb="0" cb="0"/><line nr="212" mi="0" ci="4" mb="0" cb="2"/><line nr="214" mi="0" ci="6" mb="0" cb="0"/><line nr="216" mi="0" ci="5" mb="0" cb="0"/><line nr="222" mi="0" ci="4" mb="0" cb="0"/><line nr="223" mi="0" ci="4" mb="0" cb="0"/><line nr="224" mi="0" ci="4" mb="0" cb="0"/><line nr="225" mi="9" ci="3" mb="5" cb="1"/><line nr="227" mi="0" ci="7" mb="0" cb="0"/><line nr="228" mi="0" ci="4" mb="0" cb="0"/><line nr="229" mi="4" ci="2" mb="3" cb="1"/><line nr="231" mi="7" ci="0" mb="0" cb="0"/><line nr="232" mi="5" ci="0" mb="4" cb="0"/><line nr="234" mi="5" ci="0" mb="0" cb="0"/><line nr="235" mi="7" ci="0" mb="0" cb="0"/><line nr="238" mi="0" ci="2" mb="1" cb="1"/><line nr="240" mi="0" ci="6" mb="0" cb="0"/><line nr="242" mi="0" ci="5" mb="0" cb="0"/><line nr="244" mi="0" ci="3" mb="1" cb="1"/><line nr="246" mi="0" ci="4" mb="0" cb="0"/><line nr="247" mi="0" ci="4" mb="0" cb="0"/><line nr="248" mi="0" ci="5" mb="0" cb="0"/><line nr="249" mi="0" ci="5" mb="0" cb="0"/><line nr="251" mi="0" ci="10" mb="0" cb="2"/><line nr="253" mi="0" ci="5" mb="0" cb="0"/><line nr="254" mi="0" ci="1" mb="0" cb="0"/><line nr="257" mi="0" ci="1" mb="0" cb="0"/><line nr="262" mi="0" ci="4" mb="0" cb="0"/><line nr="263" mi="0" ci="4" mb="0" cb="0"/><line nr="265" mi="0" ci="2" mb="0" cb="0"/><line nr="266" mi="0" ci="2" mb="1" cb="1"/><line nr="268" mi="0" ci="5" mb="0" cb="0"/><line nr="271" mi="0" ci="2" mb="0" cb="0"/><line nr="272" mi="0" ci="6" mb="1" cb="3"/><line nr="274" mi="0" ci="5" mb="0" cb="0"/><line nr="276" mi="0" ci="7" mb="0" cb="0"/><line nr="277" mi="0" ci="4" mb="0" cb="0"/><line nr="278" mi="0" ci="6" mb="1" cb="3"/><line nr="280" mi="0" ci="7" mb="0" cb="0"/><line nr="281" mi="0" ci="5" mb="0" cb="0"/><line nr="283" mi="0" ci="3" mb="1" cb="1"/><line nr="284" mi="0" ci="5" mb="0" cb="0"/><line nr="286" mi="0" ci="6" mb="0" cb="2"/><line nr="288" mi="0" ci="5" mb="0" cb="0"/><line nr="290" mi="0" ci="6" mb="2" cb="2"/><line nr="292" mi="0" ci="4" mb="0" cb="0"/><line nr="293" mi="0" ci="6" mb="0" cb="0"/><line nr="296" mi="0" ci="5" mb="0" cb="0"/><line nr="297" mi="0" ci="1" mb="0" cb="0"/><line nr="310" mi="0" ci="8" mb="0" cb="0"/><line nr="312" mi="0" ci="7" mb="0" cb="2"/><line nr="314" mi="0" ci="4" mb="0" cb="0"/><line nr="317" mi="0" ci="3" mb="0" cb="0"/><line nr="330" mi="0" ci="16" mb="0" cb="2"/><line nr="332" mi="0" ci="6" mb="0" cb="0"/><line nr="333" mi="0" ci="1" mb="0" cb="0"/><line nr="334" mi="0" ci="1" mb="0" cb="0"/><line nr="348" mi="0" ci="4" mb="0" cb="0"/><line nr="350" mi="0" ci="4" mb="0" cb="0"/><line nr="352" mi="0" ci="4" mb="0" cb="0"/><line nr="354" mi="0" ci="16" mb="0" cb="2"/><line nr="356" mi="0" ci="7" mb="0" cb="0"/><line nr="359" mi="0" ci="2" mb="0" cb="0"/><line nr="372" mi="0" ci="3" mb="0" cb="0"/><line nr="373" mi="0" ci="5" mb="0" cb="0"/><line nr="375" mi="0" ci="4" mb="0" cb="0"/><line nr="377" mi="0" ci="16" mb="0" cb="2"/><line nr="379" mi="0" ci="3" mb="0" cb="2"/><line nr="381" mi="0" ci="7" mb="0" cb="2"/><line nr="383" mi="0" ci="5" mb="0" cb="0"/><line nr="384" mi="0" ci="3" mb="0" cb="0"/><line nr="385" mi="0" ci="9" mb="0" cb="0"/><line nr="389" mi="0" ci="4" mb="0" cb="0"/><line nr="393" mi="0" ci="8" mb="0" cb="2"/><line nr="395" mi="0" ci="4" mb="0" cb="0"/><line nr="396" mi="0" ci="3" mb="0" cb="2"/><line nr="398" mi="0" ci="12" mb="0" cb="0"/><line nr="400" mi="0" ci="3" mb="0" cb="2"/><line nr="402" mi="0" ci="5" mb="0" cb="0"/><line nr="406" mi="0" ci="4" mb="0" cb="0"/><line nr="410" mi="0" ci="5" mb="0" cb="0"/><line nr="411" mi="0" ci="1" mb="0" cb="0"/><line nr="421" mi="0" ci="2" mb="0" cb="0"/><line nr="422" mi="0" ci="13" mb="0" cb="4"/><line nr="424" mi="0" ci="1" mb="0" cb="0"/><line nr="426" mi="0" ci="15" mb="0" cb="4"/><line nr="428" mi="0" ci="5" mb="0" cb="2"/><line nr="430" mi="0" ci="1" mb="0" cb="0"/><line nr="431" mi="0" ci="1" mb="0" cb="0"/><line nr="434" mi="0" ci="2" mb="0" cb="0"/><line nr="439" mi="0" ci="12" mb="1" cb="5"/><line nr="440" mi="0" ci="4" mb="0" cb="2"/><line nr="443" mi="0" ci="8" mb="0" cb="0"/><line nr="446" mi="0" ci="2" mb="0" cb="0"/><counter type="INSTRUCTION" missed="92" covered="681"/><counter type="BRANCH" missed="36" covered="76"/><counter type="LINE" missed="15" covered="141"/><counter type="COMPLEXITY" missed="29" covered="43"/><counter type="METHOD" missed="0" covered="16"/><counter type="CLASS" missed="0" covered="1"/></sourcefile><counter type="INSTRUCTION" missed="92" covered="681"/><counter type="BRANCH" missed="36" covered="76"/><counter type="LINE" missed="15" covered="141"/><counter type="COMPLEXITY" missed="29" covered="43"/><counter type="METHOD" missed="0" covered="16"/><counter type="CLASS" missed="0" covered="1"/></package><counter type="INSTRUCTION" missed="255" covered="2585"/><counter type="BRANCH" missed="66" covered="152"/><counter type="LINE" missed="53" covered="603"/><counter type="COMPLEXITY" missed="53" covered="223"/><counter type="METHOD" missed="3" covered="164"/><counter type="CLASS" missed="0" covered="6"/></report>